2026-01-14 15:38:41,566 - root - INFO - Logging initialized.
2026-01-14 15:38:41,567 - root - INFO - Application started
2026-01-14 15:38:41,573 - app.questions - ERROR - Failed to load questions: No questions found in database.
2026-01-14 15:38:41,573 - root - ERROR - Fatal Error: Question bank could not be loaded.
The application cannot start. | Error: No questions found in database.
Traceback (most recent call last):
  File "B:\Open_Source\soul_sence_Exam\SOUL_SENSE_EXAM\app\main.py", line 151, in <module>
    rows = load_questions()  # [(id, text, tooltip, min_age, max_age)]
  File "B:\Open_Source\soul_sence_Exam\SOUL_SENSE_EXAM\app\questions.py", line 273, in load_questions
    questions = _get_cached_questions_from_db(age)
  File "B:\Open_Source\soul_sence_Exam\SOUL_SENSE_EXAM\app\questions.py", line 141, in _get_cached_questions_from_db
    raise ResourceError("No questions found in database.")
app.exceptions.ResourceError: No questions found in database.
2026-01-14 15:43:58,810 - root - INFO - Logging initialized.
2026-01-14 15:43:58,825 - root - INFO - Application started
2026-01-14 15:43:58,827 - root - INFO - Loaded 100 total questions from DB
2026-01-14 15:44:01,273 - root - INFO - Loading ML Model: models\risk_model_v20260111_223056.pkl
2026-01-14 15:44:01,396 - root - INFO - ML Predictor initialized successfully
2026-01-14 15:44:01,456 - root - INFO - SentimentIntensityAnalyzer initialized successfully
2026-01-14 15:44:01,478 - root - ERROR - 

>>> APP INITIALIZED V2.1 <<<

2026-01-14 15:44:01,493 - root - INFO - Using 10 questions based on settings
2026-01-14 15:46:33,434 - app.ml.clustering - INFO - Model loaded from B:\Open_Source\soul_sence_Exam\SOUL_SENSE_EXAM\app\ml\models\clustering\emotional_profile_model.pkl
2026-01-14 15:47:39,037 - root - INFO - Logging initialized.
2026-01-14 15:47:39,037 - root - INFO - Application started
2026-01-14 15:47:39,038 - root - INFO - Loaded 100 total questions from DB
2026-01-14 15:47:41,421 - root - INFO - Loading ML Model: models\risk_model_v20260111_223056.pkl
2026-01-14 15:47:41,485 - root - INFO - ML Predictor initialized successfully
2026-01-14 15:47:41,526 - root - INFO - SentimentIntensityAnalyzer initialized successfully
2026-01-14 15:47:41,559 - root - ERROR - 

>>> APP INITIALIZED V2.1 <<<

2026-01-14 15:47:41,586 - root - INFO - Using 10 questions based on settings
2026-01-14 15:48:57,778 - app.ml.clustering - INFO - Model loaded from B:\Open_Source\soul_sence_Exam\SOUL_SENSE_EXAM\app\ml\models\clustering\emotional_profile_model.pkl
2026-01-14 15:50:26,724 - root - INFO - Session started | user=rohan | age=20 | age_group=adult | profession=Student | questions=10
2026-01-14 15:50:27,097 - root - INFO - Created new user for settings: rohan
2026-01-14 15:50:27,138 - root - INFO - Loaded settings for user 1: {'theme': 'light', 'question_count': 10, 'sound_enabled': True, 'notifications_enabled': True, 'language': 'en'}
2026-01-14 15:50:27,138 - root - INFO - Reloaded 10 questions based on settings
2026-01-14 15:50:36,420 - root - INFO - Reloaded 5 questions based on settings
2026-01-14 15:50:40,295 - root - ERROR - 

>>> DEBUG: Start Test Clicked! (New Handler)
2026-01-14 15:50:40,300 - root - ERROR - >>> DEBUG: self.current_user_id = 1
2026-01-14 15:50:40,306 - root - ERROR - >>> DEBUG: GOING TO EXAM
2026-01-14 15:50:40,472 - app.services.exam_service - INFO - Exam session started for user: rohan
2026-01-14 15:51:12,834 - app.services.exam_service - INFO - Exam saved. Score: 11, Sentiment: 0.0
2026-01-14 15:51:22,480 - root - CRITICAL - Unhandled exception in GUI
Traceback (most recent call last):
  File "C:\Python314\Lib\tkinter\__init__.py", line 2088, in __call__
    return self.func(*args)
           ~~~~~~~~~^^^^^^^
  File "B:\Open_Source\soul_sence_Exam\SOUL_SENSE_EXAM\app\ui\satisfaction.py", line 76, in _on_mousewheel
    canvas.yview_scroll(int(-1*(event.delta/120)), "units")
    ~~~~~~~~~~~~~~~~~~~^^^^^^^^^^^^^^^^^^^^^^^^^^^^^^^^^^^^
  File "C:\Python314\Lib\tkinter\__init__.py", line 2134, in yview_scroll
    self.tk.call(self._w, 'yview', 'scroll', number, what)
    ~~~~~~~~~~~~^^^^^^^^^^^^^^^^^^^^^^^^^^^^^^^^^^^^^^^^^^
_tkinter.TclError: invalid command name ".!toplevel5.!canvas"
2026-01-14 15:51:22,489 - root - ERROR - Interface Error: A graphical interface error occurred.
2026-01-14 15:51:25,783 - root - CRITICAL - Unhandled exception in GUI
Traceback (most recent call last):
  File "C:\Python314\Lib\tkinter\__init__.py", line 2088, in __call__
    return self.func(*args)
           ~~~~~~~~~^^^^^^^
  File "B:\Open_Source\soul_sence_Exam\SOUL_SENSE_EXAM\app\ui\satisfaction.py", line 76, in _on_mousewheel
    canvas.yview_scroll(int(-1*(event.delta/120)), "units")
    ~~~~~~~~~~~~~~~~~~~^^^^^^^^^^^^^^^^^^^^^^^^^^^^^^^^^^^^
  File "C:\Python314\Lib\tkinter\__init__.py", line 2134, in yview_scroll
    self.tk.call(self._w, 'yview', 'scroll', number, what)
    ~~~~~~~~~~~~^^^^^^^^^^^^^^^^^^^^^^^^^^^^^^^^^^^^^^^^^^
_tkinter.TclError: invalid command name ".!toplevel5.!canvas"
2026-01-14 15:51:25,796 - root - ERROR - Interface Error: A graphical interface error occurred.
2026-01-14 16:18:52,247 - root - CRITICAL - Unhandled exception in GUI
Traceback (most recent call last):
  File "C:\Python314\Lib\tkinter\__init__.py", line 2088, in __call__
    return self.func(*args)
           ~~~~~~~~~^^^^^^^
  File "C:\Python314\Lib\tkinter\__init__.py", line 876, in callit
    func(*args, **kw)
    ~~~~^^^^^^^^^^^^^
  File "B:\Open_Source\soul_sence_Exam\SOUL_SENSE_EXAM\app\main.py", line 711, in launch_main_app
    root.mainloop()
    ~~~~~~~~~~~~~^^
  File "C:\Python314\Lib\tkinter\__init__.py", line 1613, in mainloop
    self.tk.mainloop(n)
    ~~~~~~~~~~~~~~~~^^^
KeyboardInterrupt
2026-01-14 16:18:52,661 - root - ERROR - Unexpected Error: An unexpected error occurred.
2026-01-14 16:19:23,983 - root - INFO - Logging initialized.
2026-01-14 16:19:24,021 - root - INFO - Application started
2026-01-14 16:19:24,030 - root - INFO - Loaded 100 total questions from DB
2026-01-14 16:19:26,831 - root - INFO - Loading ML Model: models\risk_model_v20260111_223056.pkl
2026-01-14 16:19:26,893 - root - INFO - ML Predictor initialized successfully
2026-01-14 16:19:27,235 - root - INFO - SentimentIntensityAnalyzer initialized successfully
2026-01-14 16:19:27,239 - root - ERROR - 

>>> APP INITIALIZED V2.1 <<<

2026-01-14 16:19:27,239 - root - INFO - Using 10 questions based on settings
2026-01-14 16:19:37,363 - app.ml.clustering - INFO - Model loaded from B:\Open_Source\soul_sence_Exam\SOUL_SENSE_EXAM\app\ml\models\clustering\emotional_profile_model.pkl
2026-01-14 16:20:41,219 - app.ml.clustering - INFO - Model loaded from B:\Open_Source\soul_sence_Exam\SOUL_SENSE_EXAM\app\ml\models\clustering\emotional_profile_model.pkl
2026-01-14 16:26:47,429 - root - INFO - Logging initialized.
2026-01-14 16:26:47,442 - root - INFO - Application started
2026-01-14 16:26:47,443 - root - INFO - Loaded 100 total questions from DB
2026-01-14 16:26:49,939 - root - INFO - Loading ML Model: models\risk_model_v20260111_223056.pkl
2026-01-14 16:26:50,014 - root - INFO - ML Predictor initialized successfully
2026-01-14 16:26:50,111 - root - INFO - SentimentIntensityAnalyzer initialized successfully
2026-01-14 16:26:50,122 - root - ERROR - 

>>> APP INITIALIZED V2.1 <<<

2026-01-14 16:26:50,130 - root - INFO - Using 10 questions based on settings
2026-01-14 16:27:00,907 - root - INFO - Session started | user=rohan | age=22 | age_group=adult | profession=Student | questions=10
2026-01-14 16:27:01,286 - root - INFO - Loaded settings for user 1: {'theme': 'dark', 'question_count': 5, 'sound_enabled': True, 'notifications_enabled': True, 'language': 'en'}
2026-01-14 16:27:01,287 - root - INFO - Reloaded 5 questions based on settings
2026-01-14 16:27:25,917 - app.ml.clustering - INFO - Model loaded from B:\Open_Source\soul_sence_Exam\SOUL_SENSE_EXAM\app\ml\models\clustering\emotional_profile_model.pkl
2026-01-14 16:28:42,977 - matplotlib.category - INFO - Using categorical units to plot a list of strings that are all parsable as floats or dates. If these strings should be plotted as numbers, cast to the appropriate data type before plotting.
2026-01-14 16:28:42,978 - matplotlib.category - INFO - Using categorical units to plot a list of strings that are all parsable as floats or dates. If these strings should be plotted as numbers, cast to the appropriate data type before plotting.
2026-01-14 16:28:58,555 - matplotlib.category - INFO - Using categorical units to plot a list of strings that are all parsable as floats or dates. If these strings should be plotted as numbers, cast to the appropriate data type before plotting.
2026-01-14 16:28:58,555 - matplotlib.category - INFO - Using categorical units to plot a list of strings that are all parsable as floats or dates. If these strings should be plotted as numbers, cast to the appropriate data type before plotting.
2026-01-14 16:28:59,744 - matplotlib.category - INFO - Using categorical units to plot a list of strings that are all parsable as floats or dates. If these strings should be plotted as numbers, cast to the appropriate data type before plotting.
2026-01-14 16:28:59,745 - matplotlib.category - INFO - Using categorical units to plot a list of strings that are all parsable as floats or dates. If these strings should be plotted as numbers, cast to the appropriate data type before plotting.
2026-01-14 16:29:01,383 - matplotlib.category - INFO - Using categorical units to plot a list of strings that are all parsable as floats or dates. If these strings should be plotted as numbers, cast to the appropriate data type before plotting.
2026-01-14 16:29:01,384 - matplotlib.category - INFO - Using categorical units to plot a list of strings that are all parsable as floats or dates. If these strings should be plotted as numbers, cast to the appropriate data type before plotting.
2026-01-14 16:29:02,269 - matplotlib.category - INFO - Using categorical units to plot a list of strings that are all parsable as floats or dates. If these strings should be plotted as numbers, cast to the appropriate data type before plotting.
2026-01-14 16:29:02,270 - matplotlib.category - INFO - Using categorical units to plot a list of strings that are all parsable as floats or dates. If these strings should be plotted as numbers, cast to the appropriate data type before plotting.
2026-01-14 16:29:03,494 - matplotlib.category - INFO - Using categorical units to plot a list of strings that are all parsable as floats or dates. If these strings should be plotted as numbers, cast to the appropriate data type before plotting.
2026-01-14 16:29:03,495 - matplotlib.category - INFO - Using categorical units to plot a list of strings that are all parsable as floats or dates. If these strings should be plotted as numbers, cast to the appropriate data type before plotting.
2026-01-14 16:29:04,426 - matplotlib.category - INFO - Using categorical units to plot a list of strings that are all parsable as floats or dates. If these strings should be plotted as numbers, cast to the appropriate data type before plotting.
2026-01-14 16:29:04,427 - matplotlib.category - INFO - Using categorical units to plot a list of strings that are all parsable as floats or dates. If these strings should be plotted as numbers, cast to the appropriate data type before plotting.
2026-01-14 16:36:36,621 - root - INFO - Logging initialized.
2026-01-14 16:36:36,664 - root - INFO - Application started
2026-01-14 16:36:36,694 - root - INFO - Loaded 100 total questions from DB
2026-01-14 16:36:40,729 - root - INFO - Loading ML Model: models\risk_model_v20260111_223056.pkl
2026-01-14 16:36:40,825 - root - INFO - ML Predictor initialized successfully
2026-01-14 16:36:40,890 - root - INFO - SentimentIntensityAnalyzer initialized successfully
2026-01-14 16:36:40,899 - root - ERROR - 

>>> APP INITIALIZED V2.1 <<<

2026-01-14 16:36:40,904 - root - INFO - Using 10 questions based on settings
2026-01-14 16:37:58,190 - root - INFO - Session started | user=rohan | age=20 | age_group=adult | profession=Student | questions=10
2026-01-14 16:37:58,630 - root - INFO - Loaded settings for user 1: {'theme': 'dark', 'question_count': 5, 'sound_enabled': True, 'notifications_enabled': True, 'language': 'en'}
2026-01-14 16:37:58,631 - root - INFO - Reloaded 5 questions based on settings
2026-01-14 16:38:30,421 - app.ml.clustering - INFO - Model loaded from B:\Open_Source\soul_sence_Exam\SOUL_SENSE_EXAM\app\ml\models\clustering\emotional_profile_model.pkl
2026-01-18 14:50:36 - root - INFO - [logger.py:85] - Logging initialized.
2026-01-18 14:50:36 - app.startup_checks - INFO - [startup_checks.py:298] - Running startup integrity checks...
2026-01-18 14:50:36 - app.startup_checks - INFO - [startup_checks.py:268] - Config integrity check passed
2026-01-18 14:50:36 - app.startup_checks - INFO - [startup_checks.py:316] - ✓ config_integrity: Configuration is valid
2026-01-18 14:50:36 - app.startup_checks - INFO - [startup_checks.py:195] - Required files check passed
2026-01-18 14:50:36 - app.startup_checks - INFO - [startup_checks.py:316] - ✓ required_files: All required files and directories present
2026-01-18 14:50:36 - app.startup_checks - INFO - [startup_checks.py:121] - Database schema check passed
2026-01-18 14:50:36 - app.startup_checks - INFO - [startup_checks.py:316] - ✓ database_schema: All required tables present
2026-01-18 14:50:36 - app.startup_checks - INFO - [startup_checks.py:341] - Integrity checks complete: 3 passed, 0 warnings, 0 failed
2026-01-18 14:50:36 - __main__ - INFO - [main.py:485] - Startup Integrity Check Results:
========================================
✓ config_integrity: Configuration is valid
✓ required_files: All required files and directories present
✓ database_schema: All required tables present
========================================
2026-01-18 14:50:36 - app.questions - INFO - [questions.py:143] - Loaded 100 questions from DB (age filter: 25)
2026-01-18 14:50:36 - app.questions - INFO - [questions.py:143] - Loaded 100 questions from DB (age filter: 35)
2026-01-18 14:50:36 - app.questions - INFO - [questions.py:143] - Loaded 100 questions from DB (age filter: 50)
2026-01-18 14:50:36 - app.questions - INFO - [questions.py:143] - Loaded 100 questions from DB (age filter: None)
2026-01-18 14:50:36 - app.questions - INFO - [questions.py:143] - Loaded 100 questions from DB (age filter: None)
2026-01-18 14:50:36 - app.questions - INFO - [questions.py:143] - Loaded 100 questions from DB (age filter: 18)
2026-01-18 14:50:36 - app.questions - INFO - [questions.py:143] - Loaded 100 questions from DB (age filter: 65)
2026-01-18 14:50:49 - app.services.exam_service - INFO - [exam_service.py:55] - Exam session started for user: rohan1
2026-01-18 14:50:51 - app.ml.clustering - INFO - [clustering.py:617] - Model loaded from B:\Open_Source\soul_sence_Exam\SOUL_SENSE_EXAM\app\ml\models\clustering\emotional_profile_model.pkl
2026-01-18 14:51:14 - __main__ - INFO - [main.py:430] - Initiating graceful application shutdown...
2026-01-18 14:51:14 - __main__ - INFO - [main.py:439] - Database session committed and closed successfully
2026-01-18 14:51:14 - __main__ - INFO - [main.py:444] - Application shutdown complete
2026-01-18 14:51:15 - __main__ - INFO - [main.py:430] - Initiating graceful application shutdown...
2026-01-18 14:51:15 - __main__ - INFO - [main.py:439] - Database session committed and closed successfully
2026-01-18 14:51:15 - __main__ - INFO - [main.py:444] - Application shutdown complete
2026-01-18 15:14:10 - root - INFO - [logger.py:85] - Logging initialized.
2026-01-18 15:14:10 - app.startup_checks - INFO - [startup_checks.py:298] - Running startup integrity checks...
2026-01-18 15:14:10 - app.startup_checks - INFO - [startup_checks.py:268] - Config integrity check passed
2026-01-18 15:14:10 - app.startup_checks - INFO - [startup_checks.py:316] - ✓ config_integrity: Configuration is valid
2026-01-18 15:14:10 - app.startup_checks - INFO - [startup_checks.py:195] - Required files check passed
2026-01-18 15:14:10 - app.startup_checks - INFO - [startup_checks.py:316] - ✓ required_files: All required files and directories present
2026-01-18 15:14:10 - app.startup_checks - INFO - [startup_checks.py:121] - Database schema check passed
2026-01-18 15:14:10 - app.startup_checks - INFO - [startup_checks.py:316] - ✓ database_schema: All required tables present
2026-01-18 15:14:10 - app.startup_checks - INFO - [startup_checks.py:341] - Integrity checks complete: 3 passed, 0 warnings, 0 failed
2026-01-18 15:14:10 - __main__ - INFO - [main.py:485] - Startup Integrity Check Results:
========================================
✓ config_integrity: Configuration is valid
✓ required_files: All required files and directories present
✓ database_schema: All required tables present
========================================
2026-01-18 15:14:11 - app.questions - INFO - [questions.py:139] - Loaded 100 questions from DB (age filter: 50)
2026-01-18 15:14:11 - app.questions - INFO - [questions.py:139] - Loaded 100 questions from DB (age filter: 35)
2026-01-18 15:14:11 - app.questions - INFO - [questions.py:139] - Loaded 100 questions from DB (age filter: None)
2026-01-18 15:14:11 - app.questions - INFO - [questions.py:139] - Loaded 100 questions from DB (age filter: 18)
2026-01-18 15:14:11 - app.questions - INFO - [questions.py:139] - Loaded 100 questions from DB (age filter: 25)
2026-01-18 15:14:11 - app.questions - INFO - [questions.py:139] - Loaded 100 questions from DB (age filter: 65)
2026-01-18 15:14:11 - app.questions - INFO - [questions.py:139] - Loaded 100 questions from DB (age filter: None)
2026-01-18 15:18:17 - __main__ - INFO - [main.py:430] - Initiating graceful application shutdown...
2026-01-18 15:18:18 - __main__ - INFO - [main.py:439] - Database session committed and closed successfully
2026-01-18 15:18:18 - __main__ - INFO - [main.py:444] - Application shutdown complete
2026-01-18 16:14:33 - root - INFO - [logger.py:85] - Logging initialized.
2026-01-18 16:14:33 - app.startup_checks - INFO - [startup_checks.py:298] - Running startup integrity checks...
2026-01-18 16:14:33 - app.startup_checks - INFO - [startup_checks.py:268] - Config integrity check passed
2026-01-18 16:14:33 - app.startup_checks - INFO - [startup_checks.py:316] - ✓ config_integrity: Configuration is valid
2026-01-18 16:14:33 - app.startup_checks - INFO - [startup_checks.py:195] - Required files check passed
2026-01-18 16:14:33 - app.startup_checks - INFO - [startup_checks.py:316] - ✓ required_files: All required files and directories present
2026-01-18 16:14:33 - app.startup_checks - INFO - [startup_checks.py:121] - Database schema check passed
2026-01-18 16:14:33 - app.questions - INFO - [questions.py:51] - Loaded 100 active questions into memory.
2026-01-18 16:14:33 - app.startup_checks - INFO - [startup_checks.py:316] - ✓ database_schema: All required tables present
2026-01-18 16:14:33 - app.startup_checks - INFO - [startup_checks.py:341] - Integrity checks complete: 3 passed, 0 warnings, 0 failed
2026-01-18 16:14:33 - __main__ - INFO - [main.py:485] - Startup Integrity Check Results:
========================================
✓ config_integrity: Configuration is valid
✓ required_files: All required files and directories present
✓ database_schema: All required tables present
========================================
2026-01-18 16:14:33 - __main__ - INFO - [main.py:515] - Preloading questions into memory...
2026-01-18 16:14:33 - app.questions - INFO - [questions.py:51] - Loaded 100 active questions into memory.
2026-01-18 16:15:44 - app.services.exam_service - INFO - [exam_service.py:55] - Exam session started for user: rohan1
2026-01-18 16:15:47 - app.ml.clustering - INFO - [clustering.py:617] - Model loaded from B:\Open_Source\soul_sence_Exam\SOUL_SENSE_EXAM\app\ml\models\clustering\emotional_profile_model.pkl
2026-01-18 16:15:49 - app.ml.clustering - INFO - [clustering.py:617] - Model loaded from B:\Open_Source\soul_sence_Exam\SOUL_SENSE_EXAM\app\ml\models\clustering\emotional_profile_model.pkl
2026-01-18 16:15:55 - app.ml.clustering - INFO - [clustering.py:617] - Model loaded from B:\Open_Source\soul_sence_Exam\SOUL_SENSE_EXAM\app\ml\models\clustering\emotional_profile_model.pkl
2026-01-18 16:15:56 - app.services.exam_service - INFO - [exam_service.py:55] - Exam session started for user: rohan1
2026-01-18 22:11:28 - root - INFO - [logger.py:85] - Logging initialized.
2026-01-18 22:11:28 - app.startup_checks - INFO - [startup_checks.py:298] - Running startup integrity checks...
2026-01-18 22:11:28 - app.startup_checks - INFO - [startup_checks.py:268] - Config integrity check passed
2026-01-18 22:11:28 - app.startup_checks - INFO - [startup_checks.py:316] - ✓ config_integrity: Configuration is valid
2026-01-18 22:11:28 - app.startup_checks - INFO - [startup_checks.py:195] - Required files check passed
2026-01-18 22:11:28 - app.startup_checks - INFO - [startup_checks.py:316] - ✓ required_files: All required files and directories present
2026-01-18 22:11:28 - app.questions - INFO - [questions.py:52] - Loaded 100 active questions into memory.
2026-01-18 22:11:28 - app.startup_checks - INFO - [startup_checks.py:121] - Database schema check passed
2026-01-18 22:11:28 - app.startup_checks - INFO - [startup_checks.py:316] - ✓ database_schema: All required tables present
2026-01-18 22:11:28 - app.startup_checks - INFO - [startup_checks.py:341] - Integrity checks complete: 3 passed, 0 warnings, 0 failed
2026-01-18 22:11:28 - __main__ - INFO - [main.py:485] - Startup Integrity Check Results:
========================================
✓ config_integrity: Configuration is valid
✓ required_files: All required files and directories present
✓ database_schema: All required tables present
========================================
2026-01-18 22:11:28 - __main__ - INFO - [main.py:515] - Preloading questions into memory...
2026-01-18 22:11:28 - app.questions - INFO - [questions.py:52] - Loaded 100 active questions into memory.
2026-01-18 22:11:54 - app.services.exam_service - INFO - [exam_service.py:55] - Exam session started for user: rohan1
2026-01-18 22:11:56 - app.ml.clustering - INFO - [clustering.py:617] - Model loaded from B:\Open_Source\soul_sence_Exam\SOUL_SENSE_EXAM\app\ml\models\clustering\emotional_profile_model.pkl
2026-01-18 23:56:09 - __main__ - INFO - [main.py:430] - Initiating graceful application shutdown...
2026-01-18 23:56:09 - __main__ - INFO - [main.py:439] - Database session committed and closed successfully
2026-01-18 23:56:09 - __main__ - INFO - [main.py:444] - Application shutdown complete
2026-01-18 23:56:10 - __main__ - INFO - [main.py:430] - Initiating graceful application shutdown...
2026-01-18 23:56:10 - __main__ - INFO - [main.py:439] - Database session committed and closed successfully
2026-01-18 23:56:10 - __main__ - INFO - [main.py:444] - Application shutdown complete
2026-01-19 00:00:57 - root - INFO - [logger.py:85] - Logging initialized.
2026-01-19 00:00:57 - app.startup_checks - INFO - [startup_checks.py:298] - Running startup integrity checks...
2026-01-19 00:00:57 - app.startup_checks - INFO - [startup_checks.py:268] - Config integrity check passed
2026-01-19 00:00:57 - app.startup_checks - INFO - [startup_checks.py:316] - ✓ config_integrity: Configuration is valid
2026-01-19 00:00:57 - app.startup_checks - INFO - [startup_checks.py:195] - Required files check passed
2026-01-19 00:00:57 - app.startup_checks - INFO - [startup_checks.py:316] - ✓ required_files: All required files and directories present
2026-01-19 00:00:57 - app.startup_checks - INFO - [startup_checks.py:121] - Database schema check passed
2026-01-19 00:00:57 - app.questions - INFO - [questions.py:52] - Loaded 100 active questions into memory.
2026-01-19 00:00:57 - app.startup_checks - INFO - [startup_checks.py:316] - ✓ database_schema: All required tables present
2026-01-19 00:00:57 - app.startup_checks - INFO - [startup_checks.py:341] - Integrity checks complete: 3 passed, 0 warnings, 0 failed
2026-01-19 00:00:57 - __main__ - INFO - [main.py:485] - Startup Integrity Check Results:
========================================
✓ config_integrity: Configuration is valid
✓ required_files: All required files and directories present
✓ database_schema: All required tables present
========================================
2026-01-19 00:00:57 - __main__ - INFO - [main.py:515] - Preloading questions into memory...
2026-01-19 00:00:57 - app.questions - INFO - [questions.py:52] - Loaded 100 active questions into memory.
2026-01-19 00:01:16 - app.services.exam_service - INFO - [exam_service.py:55] - Exam session started for user: rohan1
2026-01-19 00:01:18 - app.ml.clustering - INFO - [clustering.py:617] - Model loaded from B:\Open_Source\soul_sence_Exam\SOUL_SENSE_EXAM\app\ml\models\clustering\emotional_profile_model.pkl
2026-01-19 00:14:46 - __main__ - INFO - [main.py:430] - Initiating graceful application shutdown...
2026-01-19 00:14:46 - __main__ - INFO - [main.py:439] - Database session committed and closed successfully
2026-01-19 00:14:46 - __main__ - INFO - [main.py:444] - Application shutdown complete
2026-01-19 00:14:46 - __main__ - INFO - [main.py:430] - Initiating graceful application shutdown...
2026-01-19 00:14:46 - __main__ - INFO - [main.py:439] - Database session committed and closed successfully
2026-01-19 00:14:46 - __main__ - INFO - [main.py:444] - Application shutdown complete
2026-01-19 00:15:16 - root - INFO - [logger.py:85] - Logging initialized.
2026-01-19 00:15:16 - app.startup_checks - INFO - [startup_checks.py:298] - Running startup integrity checks...
2026-01-19 00:15:16 - app.startup_checks - INFO - [startup_checks.py:268] - Config integrity check passed
2026-01-19 00:15:16 - app.startup_checks - INFO - [startup_checks.py:316] - ✓ config_integrity: Configuration is valid
2026-01-19 00:15:16 - app.startup_checks - INFO - [startup_checks.py:195] - Required files check passed
2026-01-19 00:15:16 - app.startup_checks - INFO - [startup_checks.py:316] - ✓ required_files: All required files and directories present
2026-01-19 00:15:16 - app.startup_checks - INFO - [startup_checks.py:121] - Database schema check passed
2026-01-19 00:15:16 - app.startup_checks - INFO - [startup_checks.py:316] - ✓ database_schema: All required tables present
2026-01-19 00:15:16 - app.startup_checks - INFO - [startup_checks.py:341] - Integrity checks complete: 3 passed, 0 warnings, 0 failed
2026-01-19 00:15:16 - __main__ - INFO - [main.py:485] - Startup Integrity Check Results:
========================================
✓ config_integrity: Configuration is valid
✓ required_files: All required files and directories present
✓ database_schema: All required tables present
========================================
2026-01-19 00:15:16 - __main__ - INFO - [main.py:515] - Preloading questions into memory...
2026-01-19 00:15:16 - app.questions - INFO - [questions.py:52] - Loaded 100 active questions into memory.
2026-01-19 00:15:16 - app.questions - INFO - [questions.py:52] - Loaded 100 active questions into memory.
2026-01-19 00:15:48 - app.error_handler - ERROR - [error_handler.py:134] - [HIGH] tkinter.callback: AttributeError - 'SoulSenseApp' object has no attribute 'center_window'
Traceback (most recent call last):
  File "C:\Python314\Lib\tkinter\__init__.py", line 2088, in __call__
    return self.func(*args)
           ~~~~~~~~~^^^^^^^
  File "B:\Open_Source\soul_sence_Exam\SOUL_SENSE_EXAM\app\ui\profile.py", line 448, in <lambda>
    w.bind("<Button-1>", lambda e: self._edit_manifesto_custom(user_data.get("life_pov", "")))
                                   ~~~~~~~~~~~~~~~~~~~~~~~~~~~^^^^^^^^^^^^^^^^^^^^^^^^^^^^^^^
  File "B:\Open_Source\soul_sence_Exam\SOUL_SENSE_EXAM\app\ui\profile.py", line 464, in _edit_manifesto_custom
    self.app.center_window(dialog, 600, 400)
    ^^^^^^^^^^^^^^^^^^^^^^
AttributeError: 'SoulSenseApp' object has no attribute 'center_window'
2026-01-19 00:15:48 - root - ERROR - [main.py:455] - Interface Error: An unexpected error occurred. Please try again. - 'SoulSenseApp' object has no attribute 'center_window'
2026-01-19 00:15:55 - app.error_handler - ERROR - [error_handler.py:134] - [HIGH] tkinter.callback: AttributeError - 'SoulSenseApp' object has no attribute 'center_window'
Traceback (most recent call last):
  File "C:\Python314\Lib\tkinter\__init__.py", line 2088, in __call__
    return self.func(*args)
           ~~~~~~~~~^^^^^^^
  File "B:\Open_Source\soul_sence_Exam\SOUL_SENSE_EXAM\app\ui\profile.py", line 448, in <lambda>
    w.bind("<Button-1>", lambda e: self._edit_manifesto_custom(user_data.get("life_pov", "")))
                                   ~~~~~~~~~~~~~~~~~~~~~~~~~~~^^^^^^^^^^^^^^^^^^^^^^^^^^^^^^^
  File "B:\Open_Source\soul_sence_Exam\SOUL_SENSE_EXAM\app\ui\profile.py", line 464, in _edit_manifesto_custom
    self.app.center_window(dialog, 600, 400)
    ^^^^^^^^^^^^^^^^^^^^^^
AttributeError: 'SoulSenseApp' object has no attribute 'center_window'
2026-01-19 00:15:55 - root - ERROR - [main.py:455] - Interface Error: An unexpected error occurred. Please try again. - 'SoulSenseApp' object has no attribute 'center_window'
2026-01-19 00:16:03 - __main__ - INFO - [main.py:430] - Initiating graceful application shutdown...
2026-01-19 00:16:03 - __main__ - INFO - [main.py:439] - Database session committed and closed successfully
2026-01-19 00:16:03 - __main__ - INFO - [main.py:444] - Application shutdown complete
2026-01-19 00:16:03 - __main__ - INFO - [main.py:430] - Initiating graceful application shutdown...
2026-01-19 00:16:03 - __main__ - INFO - [main.py:439] - Database session committed and closed successfully
2026-01-19 00:16:03 - __main__ - INFO - [main.py:444] - Application shutdown complete
2026-01-19 00:20:06 - root - INFO - [logger.py:85] - Logging initialized.
2026-01-19 00:20:06 - app.startup_checks - INFO - [startup_checks.py:298] - Running startup integrity checks...
2026-01-19 00:20:06 - app.startup_checks - INFO - [startup_checks.py:268] - Config integrity check passed
2026-01-19 00:20:06 - app.startup_checks - INFO - [startup_checks.py:316] - ✓ config_integrity: Configuration is valid
2026-01-19 00:20:06 - app.startup_checks - INFO - [startup_checks.py:195] - Required files check passed
2026-01-19 00:20:06 - app.startup_checks - INFO - [startup_checks.py:316] - ✓ required_files: All required files and directories present
2026-01-19 00:20:06 - app.startup_checks - INFO - [startup_checks.py:121] - Database schema check passed
2026-01-19 00:20:06 - app.startup_checks - INFO - [startup_checks.py:316] - ✓ database_schema: All required tables present
2026-01-19 00:20:06 - app.startup_checks - INFO - [startup_checks.py:341] - Integrity checks complete: 3 passed, 0 warnings, 0 failed
2026-01-19 00:20:06 - __main__ - INFO - [main.py:485] - Startup Integrity Check Results:
========================================
✓ config_integrity: Configuration is valid
✓ required_files: All required files and directories present
✓ database_schema: All required tables present
========================================
2026-01-19 00:20:06 - __main__ - INFO - [main.py:515] - Preloading questions into memory...
2026-01-19 00:20:06 - app.questions - INFO - [questions.py:52] - Loaded 100 active questions into memory.
2026-01-19 00:20:06 - app.questions - INFO - [questions.py:52] - Loaded 100 active questions into memory.
2026-01-19 00:39:59 - __main__ - INFO - [main.py:430] - Initiating graceful application shutdown...
2026-01-19 00:40:00 - __main__ - INFO - [main.py:439] - Database session committed and closed successfully
2026-01-19 00:40:00 - __main__ - INFO - [main.py:444] - Application shutdown complete
2026-01-19 00:40:00 - __main__ - INFO - [main.py:430] - Initiating graceful application shutdown...
2026-01-19 00:40:00 - __main__ - INFO - [main.py:439] - Database session committed and closed successfully
2026-01-19 00:40:00 - __main__ - INFO - [main.py:444] - Application shutdown complete
2026-01-19 15:15:51 - root - INFO - [logger.py:85] - Logging initialized.
2026-01-19 15:15:51 - app.startup_checks - INFO - [startup_checks.py:298] - Running startup integrity checks...
2026-01-19 15:15:51 - app.startup_checks - INFO - [startup_checks.py:268] - Config integrity check passed
2026-01-19 15:15:51 - app.startup_checks - INFO - [startup_checks.py:316] - ✓ config_integrity: Configuration is valid
2026-01-19 15:15:51 - app.startup_checks - INFO - [startup_checks.py:195] - Required files check passed
2026-01-19 15:15:51 - app.startup_checks - INFO - [startup_checks.py:316] - ✓ required_files: All required files and directories present
2026-01-19 15:15:51 - app.startup_checks - INFO - [startup_checks.py:121] - Database schema check passed
2026-01-19 15:15:51 - app.questions - INFO - [questions.py:52] - Loaded 100 active questions into memory.
2026-01-19 15:15:51 - app.startup_checks - INFO - [startup_checks.py:316] - ✓ database_schema: All required tables present
2026-01-19 15:15:51 - app.startup_checks - INFO - [startup_checks.py:341] - Integrity checks complete: 3 passed, 0 warnings, 0 failed
2026-01-19 15:15:51 - __main__ - INFO - [main.py:485] - Startup Integrity Check Results:
========================================
✓ config_integrity: Configuration is valid
✓ required_files: All required files and directories present
✓ database_schema: All required tables present
========================================
2026-01-19 15:15:51 - __main__ - INFO - [main.py:515] - Preloading questions into memory...
2026-01-19 15:15:51 - app.questions - INFO - [questions.py:52] - Loaded 100 active questions into memory.
2026-01-19 15:18:25 - root - INFO - [logger.py:85] - Logging initialized.
2026-01-19 15:18:25 - app.startup_checks - INFO - [startup_checks.py:298] - Running startup integrity checks...
2026-01-19 15:18:25 - app.startup_checks - INFO - [startup_checks.py:268] - Config integrity check passed
2026-01-19 15:18:25 - app.startup_checks - INFO - [startup_checks.py:316] - ✓ config_integrity: Configuration is valid
2026-01-19 15:18:25 - app.startup_checks - INFO - [startup_checks.py:195] - Required files check passed
2026-01-19 15:18:25 - app.startup_checks - INFO - [startup_checks.py:316] - ✓ required_files: All required files and directories present
2026-01-19 15:18:25 - app.startup_checks - INFO - [startup_checks.py:121] - Database schema check passed
2026-01-19 15:18:25 - app.startup_checks - INFO - [startup_checks.py:316] - ✓ database_schema: All required tables present
2026-01-19 15:18:25 - app.startup_checks - INFO - [startup_checks.py:341] - Integrity checks complete: 3 passed, 0 warnings, 0 failed
2026-01-19 15:18:25 - __main__ - INFO - [main.py:485] - Startup Integrity Check Results:
========================================
✓ config_integrity: Configuration is valid
✓ required_files: All required files and directories present
✓ database_schema: All required tables present
========================================
2026-01-19 15:18:25 - app.questions - INFO - [questions.py:52] - Loaded 100 active questions into memory.
2026-01-19 15:18:25 - __main__ - INFO - [main.py:515] - Preloading questions into memory...
2026-01-19 15:18:25 - app.questions - INFO - [questions.py:52] - Loaded 100 active questions into memory.
2026-01-19 15:18:31 - app.services.exam_service - INFO - [exam_service.py:55] - Exam session started for user: rohan1
2026-01-19 15:18:34 - app.ml.clustering - INFO - [clustering.py:617] - Model loaded from B:\Open_Source\soul_sence_Exam\SOUL_SENSE_EXAM\app\ml\models\clustering\emotional_profile_model.pkl
2026-01-19 15:18:50 - app.error_handler - ERROR - [error_handler.py:134] - [HIGH] tkinter.callback: AttributeError - 'UserProfileView' object has no attribute '_render_export_view'
Traceback (most recent call last):
  File "C:\Python314\Lib\tkinter\__init__.py", line 2088, in __call__
    return self.func(*args)
           ~~~~~~~~~^^^^^^^
  File "B:\Open_Source\soul_sence_Exam\SOUL_SENSE_EXAM\app\ui\sidebar.py", line 191, in <lambda>
    widget.bind("<Button-1>", lambda e, i=item_id: self.select_item(i))
                                                   ~~~~~~~~~~~~~~~~^^^
  File "B:\Open_Source\soul_sence_Exam\SOUL_SENSE_EXAM\app\ui\sidebar.py", line 221, in select_item
    self.on_change(item_id)
    ~~~~~~~~~~~~~~^^^^^^^^^
  File "B:\Open_Source\soul_sence_Exam\SOUL_SENSE_EXAM\app\ui\profile.py", line 171, in on_nav_change
    self.header_label.configure(text="Data Export")
    ^^^^^^^^^^^^^^^^^^^^^^^^
AttributeError: 'UserProfileView' object has no attribute '_render_export_view'. Did you mean: '_render_history_view'?
2026-01-19 15:18:50 - root - ERROR - [main.py:455] - Interface Error: An unexpected error occurred. Please try again. - 'UserProfileView' object has no attribute '_render_export_view'
2026-01-19 15:19:15 - __main__ - INFO - [main.py:430] - Initiating graceful application shutdown...
2026-01-19 15:19:15 - __main__ - INFO - [main.py:439] - Database session committed and closed successfully
2026-01-19 15:19:15 - __main__ - INFO - [main.py:444] - Application shutdown complete
2026-01-19 15:19:18 - __main__ - INFO - [main.py:430] - Initiating graceful application shutdown...
2026-01-19 15:19:18 - __main__ - INFO - [main.py:439] - Database session committed and closed successfully
2026-01-19 15:19:18 - __main__ - INFO - [main.py:444] - Application shutdown complete
2026-01-19 15:19:18 - __main__ - INFO - [main.py:430] - Initiating graceful application shutdown...
2026-01-19 15:19:18 - __main__ - INFO - [main.py:439] - Database session committed and closed successfully
2026-01-19 15:19:18 - __main__ - INFO - [main.py:444] - Application shutdown complete
2026-01-19 15:22:20 - root - INFO - [logger.py:85] - Logging initialized.
2026-01-19 15:22:20 - app.startup_checks - INFO - [startup_checks.py:298] - Running startup integrity checks...
2026-01-19 15:22:20 - app.startup_checks - INFO - [startup_checks.py:268] - Config integrity check passed
2026-01-19 15:22:20 - app.startup_checks - INFO - [startup_checks.py:316] - ✓ config_integrity: Configuration is valid
2026-01-19 15:22:20 - app.startup_checks - INFO - [startup_checks.py:195] - Required files check passed
2026-01-19 15:22:20 - app.startup_checks - INFO - [startup_checks.py:316] - ✓ required_files: All required files and directories present
2026-01-19 15:22:20 - app.questions - INFO - [questions.py:52] - Loaded 100 active questions into memory.
2026-01-19 15:22:20 - app.startup_checks - INFO - [startup_checks.py:121] - Database schema check passed
2026-01-19 15:22:20 - app.startup_checks - INFO - [startup_checks.py:316] - ✓ database_schema: All required tables present
2026-01-19 15:22:20 - app.startup_checks - INFO - [startup_checks.py:341] - Integrity checks complete: 3 passed, 0 warnings, 0 failed
2026-01-19 15:22:20 - __main__ - INFO - [main.py:485] - Startup Integrity Check Results:
========================================
✓ config_integrity: Configuration is valid
✓ required_files: All required files and directories present
✓ database_schema: All required tables present
========================================
2026-01-19 15:22:20 - __main__ - INFO - [main.py:515] - Preloading questions into memory...
2026-01-19 15:22:20 - app.questions - INFO - [questions.py:52] - Loaded 100 active questions into memory.
2026-01-19 15:24:01 - app.services.exam_service - INFO - [exam_service.py:55] - Exam session started for user: rohan1
2026-01-19 15:24:02 - app.ml.clustering - INFO - [clustering.py:617] - Model loaded from B:\Open_Source\soul_sence_Exam\SOUL_SENSE_EXAM\app\ml\models\clustering\emotional_profile_model.pkl
2026-01-19 15:24:05 - app.error_handler - ERROR - [error_handler.py:134] - [HIGH] tkinter.callback: AttributeError - 'UserProfileView' object has no attribute 'styles'
Traceback (most recent call last):
  File "C:\Python314\Lib\tkinter\__init__.py", line 2088, in __call__
    return self.func(*args)
           ~~~~~~~~~^^^^^^^
  File "B:\Open_Source\soul_sence_Exam\SOUL_SENSE_EXAM\app\ui\sidebar.py", line 70, in <lambda>
    widget.bind("<Button-1>", lambda e: self.select_item("profile"))
                                        ~~~~~~~~~~~~~~~~^^^^^^^^^^^
  File "B:\Open_Source\soul_sence_Exam\SOUL_SENSE_EXAM\app\ui\sidebar.py", line 221, in select_item
    self.on_change(item_id)
    ~~~~~~~~~~~~~~^^^^^^^^^
  File "B:\Open_Source\soul_sence_Exam\SOUL_SENSE_EXAM\app\main.py", line 259, in switch_view
    self.show_profile()
    ~~~~~~~~~~~~~~~~~^^
  File "B:\Open_Source\soul_sence_Exam\SOUL_SENSE_EXAM\app\main.py", line 426, in show_profile
    UserProfileView(self.content_area, self)
    ~~~~~~~~~~~~~~~^^^^^^^^^^^^^^^^^^^^^^^^^
  File "B:\Open_Source\soul_sence_Exam\SOUL_SENSE_EXAM\app\ui\profile.py", line 65, in __init__
    font=self.styles.get_font("xl", "bold"),
         ^^^^^^^^^^^
AttributeError: 'UserProfileView' object has no attribute 'styles'
2026-01-19 15:24:05 - root - ERROR - [main.py:455] - Interface Error: An unexpected error occurred. Please try again. - 'UserProfileView' object has no attribute 'styles'
2026-01-19 15:24:08 - app.error_handler - ERROR - [error_handler.py:134] - [HIGH] tkinter.callback: AttributeError - 'UserProfileView' object has no attribute 'view_container'
Traceback (most recent call last):
  File "C:\Python314\Lib\tkinter\__init__.py", line 2088, in __call__
    return self.func(*args)
           ~~~~~~~~~^^^^^^^
  File "B:\Open_Source\soul_sence_Exam\SOUL_SENSE_EXAM\app\ui\sidebar.py", line 191, in <lambda>
    widget.bind("<Button-1>", lambda e, i=item_id: self.select_item(i))
                                                   ~~~~~~~~~~~~~~~~^^^
  File "B:\Open_Source\soul_sence_Exam\SOUL_SENSE_EXAM\app\ui\sidebar.py", line 221, in select_item
    self.on_change(item_id)
    ~~~~~~~~~~~~~~^^^^^^^^^
  File "B:\Open_Source\soul_sence_Exam\SOUL_SENSE_EXAM\app\ui\profile.py", line 148, in on_nav_change
    for widget in self.view_container.winfo_children():
                  ^^^^^^^^^^^^^^^^^^^
AttributeError: 'UserProfileView' object has no attribute 'view_container'. Did you mean: 'main_container'?
2026-01-19 15:24:08 - root - ERROR - [main.py:455] - Interface Error: An unexpected error occurred. Please try again. - 'UserProfileView' object has no attribute 'view_container'
2026-01-19 15:24:10 - app.error_handler - ERROR - [error_handler.py:134] - [HIGH] tkinter.callback: AttributeError - 'UserProfileView' object has no attribute 'view_container'
Traceback (most recent call last):
  File "C:\Python314\Lib\tkinter\__init__.py", line 2088, in __call__
    return self.func(*args)
           ~~~~~~~~~^^^^^^^
  File "B:\Open_Source\soul_sence_Exam\SOUL_SENSE_EXAM\app\ui\sidebar.py", line 191, in <lambda>
    widget.bind("<Button-1>", lambda e, i=item_id: self.select_item(i))
                                                   ~~~~~~~~~~~~~~~~^^^
  File "B:\Open_Source\soul_sence_Exam\SOUL_SENSE_EXAM\app\ui\sidebar.py", line 221, in select_item
    self.on_change(item_id)
    ~~~~~~~~~~~~~~^^^^^^^^^
  File "B:\Open_Source\soul_sence_Exam\SOUL_SENSE_EXAM\app\ui\profile.py", line 148, in on_nav_change
    for widget in self.view_container.winfo_children():
                  ^^^^^^^^^^^^^^^^^^^
AttributeError: 'UserProfileView' object has no attribute 'view_container'. Did you mean: 'main_container'?
2026-01-19 15:24:10 - root - ERROR - [main.py:455] - Interface Error: An unexpected error occurred. Please try again. - 'UserProfileView' object has no attribute 'view_container'
2026-01-19 15:24:15 - __main__ - INFO - [main.py:430] - Initiating graceful application shutdown...
2026-01-19 15:24:15 - __main__ - INFO - [main.py:439] - Database session committed and closed successfully
2026-01-19 15:24:15 - __main__ - INFO - [main.py:444] - Application shutdown complete
2026-01-19 15:24:15 - __main__ - INFO - [main.py:430] - Initiating graceful application shutdown...
2026-01-19 15:24:15 - __main__ - INFO - [main.py:439] - Database session committed and closed successfully
2026-01-19 15:24:15 - __main__ - INFO - [main.py:444] - Application shutdown complete
2026-01-19 15:26:55 - root - INFO - [logger.py:85] - Logging initialized.
2026-01-19 15:26:56 - app.startup_checks - INFO - [startup_checks.py:298] - Running startup integrity checks...
2026-01-19 15:26:56 - app.startup_checks - INFO - [startup_checks.py:268] - Config integrity check passed
2026-01-19 15:26:56 - app.startup_checks - INFO - [startup_checks.py:316] - ✓ config_integrity: Configuration is valid
2026-01-19 15:26:56 - app.startup_checks - INFO - [startup_checks.py:195] - Required files check passed
2026-01-19 15:26:56 - app.startup_checks - INFO - [startup_checks.py:316] - ✓ required_files: All required files and directories present
2026-01-19 15:26:56 - app.questions - INFO - [questions.py:52] - Loaded 100 active questions into memory.
2026-01-19 15:26:56 - app.startup_checks - INFO - [startup_checks.py:121] - Database schema check passed
2026-01-19 15:26:56 - app.startup_checks - INFO - [startup_checks.py:316] - ✓ database_schema: All required tables present
2026-01-19 15:26:56 - app.startup_checks - INFO - [startup_checks.py:341] - Integrity checks complete: 3 passed, 0 warnings, 0 failed
2026-01-19 15:26:56 - __main__ - INFO - [main.py:485] - Startup Integrity Check Results:
========================================
✓ config_integrity: Configuration is valid
✓ required_files: All required files and directories present
✓ database_schema: All required tables present
========================================
2026-01-19 15:26:56 - __main__ - INFO - [main.py:515] - Preloading questions into memory...
2026-01-19 15:26:56 - app.questions - INFO - [questions.py:52] - Loaded 100 active questions into memory.
2026-01-19 15:27:13 - __main__ - INFO - [main.py:543] - Received signal 2, initiating shutdown
2026-01-19 15:27:13 - __main__ - INFO - [main.py:430] - Initiating graceful application shutdown...
2026-01-19 15:27:13 - __main__ - INFO - [main.py:439] - Database session committed and closed successfully
2026-01-19 15:27:13 - __main__ - INFO - [main.py:444] - Application shutdown complete
2026-01-19 15:27:14 - __main__ - INFO - [main.py:430] - Initiating graceful application shutdown...
2026-01-19 15:27:14 - __main__ - INFO - [main.py:439] - Database session committed and closed successfully
2026-01-19 15:27:14 - __main__ - INFO - [main.py:444] - Application shutdown complete
2026-01-19 16:08:16 - root - INFO - [logger.py:85] - Logging initialized.
2026-01-19 16:08:16 - app.startup_checks - INFO - [startup_checks.py:298] - Running startup integrity checks...
2026-01-19 16:08:16 - app.startup_checks - INFO - [startup_checks.py:268] - Config integrity check passed
2026-01-19 16:08:16 - app.startup_checks - INFO - [startup_checks.py:316] - ✓ config_integrity: Configuration is valid
2026-01-19 16:08:16 - app.startup_checks - INFO - [startup_checks.py:195] - Required files check passed
2026-01-19 16:08:16 - app.startup_checks - INFO - [startup_checks.py:316] - ✓ required_files: All required files and directories present
2026-01-19 16:08:16 - app.questions - INFO - [questions.py:52] - Loaded 100 active questions into memory.
2026-01-19 16:08:16 - app.startup_checks - INFO - [startup_checks.py:121] - Database schema check passed
2026-01-19 16:08:16 - app.startup_checks - INFO - [startup_checks.py:316] - ✓ database_schema: All required tables present
2026-01-19 16:08:16 - app.startup_checks - INFO - [startup_checks.py:341] - Integrity checks complete: 3 passed, 0 warnings, 0 failed
2026-01-19 16:08:16 - __main__ - INFO - [main.py:485] - Startup Integrity Check Results:
========================================
✓ config_integrity: Configuration is valid
✓ required_files: All required files and directories present
✓ database_schema: All required tables present
========================================
2026-01-19 16:08:16 - __main__ - INFO - [main.py:515] - Preloading questions into memory...
2026-01-19 16:08:16 - app.questions - INFO - [questions.py:52] - Loaded 100 active questions into memory.
2026-01-19 16:08:47 - app.error_handler - ERROR - [error_handler.py:134] - [HIGH] tkinter.callback: AttributeError - 'UserProfileView' object has no attribute 'styles'
Traceback (most recent call last):
  File "C:\Python314\Lib\tkinter\__init__.py", line 2088, in __call__
    return self.func(*args)
           ~~~~~~~~~^^^^^^^
  File "B:\Open_Source\soul_sence_Exam\SOUL_SENSE_EXAM\app\ui\sidebar.py", line 70, in <lambda>
    widget.bind("<Button-1>", lambda e: self.select_item("profile"))
                                        ~~~~~~~~~~~~~~~~^^^^^^^^^^^
  File "B:\Open_Source\soul_sence_Exam\SOUL_SENSE_EXAM\app\ui\sidebar.py", line 221, in select_item
    self.on_change(item_id)
    ~~~~~~~~~~~~~~^^^^^^^^^
  File "B:\Open_Source\soul_sence_Exam\SOUL_SENSE_EXAM\app\main.py", line 259, in switch_view
    self.show_profile()
    ~~~~~~~~~~~~~~~~~^^
  File "B:\Open_Source\soul_sence_Exam\SOUL_SENSE_EXAM\app\main.py", line 426, in show_profile
    UserProfileView(self.content_area, self)
    ~~~~~~~~~~~~~~~^^^^^^^^^^^^^^^^^^^^^^^^^
  File "B:\Open_Source\soul_sence_Exam\SOUL_SENSE_EXAM\app\ui\profile.py", line 65, in __init__
    font=self.styles.get_font("xl", "bold"),
         ^^^^^^^^^^^
AttributeError: 'UserProfileView' object has no attribute 'styles'
2026-01-19 16:08:47 - root - ERROR - [main.py:455] - Interface Error: An unexpected error occurred. Please try again. - 'UserProfileView' object has no attribute 'styles'
2026-01-19 16:09:51 - root - INFO - [logger.py:85] - Logging initialized.
2026-01-19 16:09:51 - app.startup_checks - INFO - [startup_checks.py:298] - Running startup integrity checks...
2026-01-19 16:09:51 - app.startup_checks - INFO - [startup_checks.py:268] - Config integrity check passed
2026-01-19 16:09:51 - app.startup_checks - INFO - [startup_checks.py:316] - ✓ config_integrity: Configuration is valid
2026-01-19 16:09:51 - app.startup_checks - INFO - [startup_checks.py:195] - Required files check passed
2026-01-19 16:09:51 - app.questions - INFO - [questions.py:52] - Loaded 100 active questions into memory.
2026-01-19 16:09:51 - app.startup_checks - INFO - [startup_checks.py:316] - ✓ required_files: All required files and directories present
2026-01-19 16:09:51 - app.startup_checks - INFO - [startup_checks.py:121] - Database schema check passed
2026-01-19 16:09:51 - app.startup_checks - INFO - [startup_checks.py:316] - ✓ database_schema: All required tables present
2026-01-19 16:09:51 - app.startup_checks - INFO - [startup_checks.py:341] - Integrity checks complete: 3 passed, 0 warnings, 0 failed
2026-01-19 16:09:51 - __main__ - INFO - [main.py:485] - Startup Integrity Check Results:
========================================
✓ config_integrity: Configuration is valid
✓ required_files: All required files and directories present
✓ database_schema: All required tables present
========================================
2026-01-19 16:09:51 - __main__ - INFO - [main.py:515] - Preloading questions into memory...
2026-01-19 16:09:51 - app.questions - INFO - [questions.py:52] - Loaded 100 active questions into memory.
2026-01-19 16:09:56 - __main__ - INFO - [main.py:543] - Received signal 2, initiating shutdown
2026-01-19 16:09:56 - __main__ - INFO - [main.py:430] - Initiating graceful application shutdown...
2026-01-19 16:09:56 - __main__ - INFO - [main.py:439] - Database session committed and closed successfully
2026-01-19 16:09:56 - __main__ - INFO - [main.py:444] - Application shutdown complete
2026-01-19 16:09:56 - __main__ - INFO - [main.py:430] - Initiating graceful application shutdown...
2026-01-19 16:09:56 - __main__ - INFO - [main.py:439] - Database session committed and closed successfully
2026-01-19 16:09:56 - __main__ - INFO - [main.py:444] - Application shutdown complete
2026-01-19 16:13:13 - __main__ - INFO - [main.py:430] - Initiating graceful application shutdown...
2026-01-19 16:13:13 - __main__ - INFO - [main.py:439] - Database session committed and closed successfully
2026-01-19 16:13:13 - __main__ - INFO - [main.py:444] - Application shutdown complete
2026-01-19 16:13:13 - __main__ - INFO - [main.py:430] - Initiating graceful application shutdown...
2026-01-19 16:13:13 - __main__ - INFO - [main.py:439] - Database session committed and closed successfully
2026-01-19 16:13:13 - __main__ - INFO - [main.py:444] - Application shutdown complete
2026-01-19 16:13:42 - root - INFO - [logger.py:85] - Logging initialized.
2026-01-19 16:13:42 - app.startup_checks - INFO - [startup_checks.py:298] - Running startup integrity checks...
2026-01-19 16:13:42 - app.startup_checks - INFO - [startup_checks.py:268] - Config integrity check passed
2026-01-19 16:13:42 - app.startup_checks - INFO - [startup_checks.py:316] - ✓ config_integrity: Configuration is valid
2026-01-19 16:13:42 - app.startup_checks - INFO - [startup_checks.py:195] - Required files check passed
2026-01-19 16:13:42 - app.startup_checks - INFO - [startup_checks.py:316] - ✓ required_files: All required files and directories present
2026-01-19 16:13:42 - app.startup_checks - INFO - [startup_checks.py:121] - Database schema check passed
2026-01-19 16:13:42 - app.startup_checks - INFO - [startup_checks.py:316] - ✓ database_schema: All required tables present
2026-01-19 16:13:42 - app.questions - INFO - [questions.py:52] - Loaded 100 active questions into memory.
2026-01-19 16:13:42 - app.startup_checks - INFO - [startup_checks.py:341] - Integrity checks complete: 3 passed, 0 warnings, 0 failed
2026-01-19 16:13:42 - __main__ - INFO - [main.py:485] - Startup Integrity Check Results:
========================================
✓ config_integrity: Configuration is valid
✓ required_files: All required files and directories present
✓ database_schema: All required tables present
========================================
2026-01-19 16:13:42 - __main__ - INFO - [main.py:515] - Preloading questions into memory...
2026-01-19 16:13:42 - app.questions - INFO - [questions.py:52] - Loaded 100 active questions into memory.
2026-01-19 16:14:19 - app.error_handler - ERROR - [error_handler.py:134] - [HIGH] tkinter.callback: AttributeError - 'UserProfileView' object has no attribute '_render_export_view'
Traceback (most recent call last):
  File "C:\Python314\Lib\tkinter\__init__.py", line 2088, in __call__
    return self.func(*args)
           ~~~~~~~~~^^^^^^^
  File "B:\Open_Source\soul_sence_Exam\SOUL_SENSE_EXAM\app\ui\sidebar.py", line 191, in <lambda>
    widget.bind("<Button-1>", lambda e, i=item_id: self.select_item(i))
                                                   ~~~~~~~~~~~~~~~~^^^
  File "B:\Open_Source\soul_sence_Exam\SOUL_SENSE_EXAM\app\ui\sidebar.py", line 221, in select_item
    self.on_change(item_id)
    ~~~~~~~~~~~~~~^^^^^^^^^
  File "B:\Open_Source\soul_sence_Exam\SOUL_SENSE_EXAM\app\ui\profile.py", line 173, in on_nav_change
    self._render_export_view()
    ^^^^^^^^^^^^^^^^^^^^^^^^
AttributeError: 'UserProfileView' object has no attribute '_render_export_view'. Did you mean: '_render_history_view'?
2026-01-19 16:14:19 - root - ERROR - [main.py:455] - Interface Error: An unexpected error occurred. Please try again. - 'UserProfileView' object has no attribute '_render_export_view'
2026-01-19 16:14:37 - __main__ - INFO - [main.py:430] - Initiating graceful application shutdown...
2026-01-19 16:14:37 - __main__ - INFO - [main.py:439] - Database session committed and closed successfully
2026-01-19 16:14:37 - __main__ - INFO - [main.py:444] - Application shutdown complete
2026-01-19 16:14:38 - __main__ - INFO - [main.py:430] - Initiating graceful application shutdown...
2026-01-19 16:14:38 - __main__ - INFO - [main.py:439] - Database session committed and closed successfully
2026-01-19 16:14:38 - __main__ - INFO - [main.py:444] - Application shutdown complete
2026-01-19 16:29:00 - root - INFO - [logger.py:85] - Logging initialized.
2026-01-19 16:29:00 - app.startup_checks - INFO - [startup_checks.py:298] - Running startup integrity checks...
2026-01-19 16:29:00 - app.startup_checks - INFO - [startup_checks.py:268] - Config integrity check passed
2026-01-19 16:29:00 - app.startup_checks - INFO - [startup_checks.py:316] - ✓ config_integrity: Configuration is valid
2026-01-19 16:29:00 - app.startup_checks - INFO - [startup_checks.py:195] - Required files check passed
2026-01-19 16:29:00 - app.startup_checks - INFO - [startup_checks.py:316] - ✓ required_files: All required files and directories present
2026-01-19 16:29:00 - app.questions - INFO - [questions.py:52] - Loaded 100 active questions into memory.
2026-01-19 16:29:00 - app.startup_checks - INFO - [startup_checks.py:121] - Database schema check passed
2026-01-19 16:29:00 - app.startup_checks - INFO - [startup_checks.py:316] - ✓ database_schema: All required tables present
2026-01-19 16:29:00 - app.startup_checks - INFO - [startup_checks.py:341] - Integrity checks complete: 3 passed, 0 warnings, 0 failed
2026-01-19 16:29:00 - __main__ - INFO - [main.py:485] - Startup Integrity Check Results:
========================================
✓ config_integrity: Configuration is valid
✓ required_files: All required files and directories present
✓ database_schema: All required tables present
========================================
2026-01-19 16:29:00 - __main__ - INFO - [main.py:515] - Preloading questions into memory...
2026-01-19 16:29:00 - app.questions - INFO - [questions.py:52] - Loaded 100 active questions into memory.
2026-01-19 16:30:24 - __main__ - INFO - [main.py:430] - Initiating graceful application shutdown...
2026-01-19 16:30:25 - __main__ - INFO - [main.py:439] - Database session committed and closed successfully
2026-01-19 16:30:25 - __main__ - INFO - [main.py:444] - Application shutdown complete
2026-01-19 16:30:25 - __main__ - INFO - [main.py:430] - Initiating graceful application shutdown...
2026-01-19 16:30:25 - __main__ - INFO - [main.py:439] - Database session committed and closed successfully
2026-01-19 16:30:25 - __main__ - INFO - [main.py:444] - Application shutdown complete
2026-01-19 16:46:54 - root - INFO - [logger.py:85] - Logging initialized.
2026-01-19 16:46:54 - app.startup_checks - INFO - [startup_checks.py:298] - Running startup integrity checks...
2026-01-19 16:46:54 - app.startup_checks - INFO - [startup_checks.py:268] - Config integrity check passed
2026-01-19 16:46:54 - app.startup_checks - INFO - [startup_checks.py:316] - ✓ config_integrity: Configuration is valid
2026-01-19 16:46:54 - app.startup_checks - INFO - [startup_checks.py:195] - Required files check passed
2026-01-19 16:46:54 - app.startup_checks - INFO - [startup_checks.py:316] - ✓ required_files: All required files and directories present
2026-01-19 16:46:54 - app.questions - INFO - [questions.py:52] - Loaded 100 active questions into memory.
2026-01-19 16:46:54 - app.startup_checks - INFO - [startup_checks.py:121] - Database schema check passed
2026-01-19 16:46:54 - app.startup_checks - INFO - [startup_checks.py:316] - ✓ database_schema: All required tables present
2026-01-19 16:46:54 - app.startup_checks - INFO - [startup_checks.py:341] - Integrity checks complete: 3 passed, 0 warnings, 0 failed
2026-01-19 16:46:54 - __main__ - INFO - [main.py:485] - Startup Integrity Check Results:
========================================
✓ config_integrity: Configuration is valid
✓ required_files: All required files and directories present
✓ database_schema: All required tables present
========================================
2026-01-19 16:46:54 - __main__ - INFO - [main.py:515] - Preloading questions into memory...
2026-01-19 16:46:54 - app.questions - INFO - [questions.py:52] - Loaded 100 active questions into memory.
2026-01-19 16:47:29 - app.services.exam_service - INFO - [exam_service.py:55] - Exam session started for user: rohan1
2026-01-19 16:47:31 - app.ml.clustering - INFO - [clustering.py:617] - Model loaded from B:\Open_Source\soul_sence_Exam\SOUL_SENSE_EXAM\app\ml\models\clustering\emotional_profile_model.pkl
2026-01-19 16:47:33 - app.ml.clustering - INFO - [clustering.py:617] - Model loaded from B:\Open_Source\soul_sence_Exam\SOUL_SENSE_EXAM\app\ml\models\clustering\emotional_profile_model.pkl
2026-01-19 16:47:48 - app.error_handler - ERROR - [error_handler.py:134] - [HIGH] tkinter.callback: AttributeError - 'UserProfileView' object has no attribute '_render_export_view'
Traceback (most recent call last):
  File "C:\Python314\Lib\tkinter\__init__.py", line 2088, in __call__
    return self.func(*args)
           ~~~~~~~~~^^^^^^^
  File "B:\Open_Source\soul_sence_Exam\SOUL_SENSE_EXAM\app\ui\sidebar.py", line 191, in <lambda>
    widget.bind("<Button-1>", lambda e, i=item_id: self.select_item(i))
                                                   ~~~~~~~~~~~~~~~~^^^
  File "B:\Open_Source\soul_sence_Exam\SOUL_SENSE_EXAM\app\ui\sidebar.py", line 221, in select_item
    self.on_change(item_id)
    ~~~~~~~~~~~~~~^^^^^^^^^
  File "B:\Open_Source\soul_sence_Exam\SOUL_SENSE_EXAM\app\ui\profile.py", line 173, in on_nav_change
    self._render_export_view()
    ^^^^^^^^^^^^^^^^^^^^^^^^
AttributeError: 'UserProfileView' object has no attribute '_render_export_view'. Did you mean: '_render_history_view'?
2026-01-19 16:47:48 - root - ERROR - [main.py:455] - Interface Error: An unexpected error occurred. Please try again. - 'UserProfileView' object has no attribute '_render_export_view'
2026-01-19 16:47:57 - __main__ - INFO - [main.py:430] - Initiating graceful application shutdown...
2026-01-19 16:47:57 - __main__ - INFO - [main.py:439] - Database session committed and closed successfully
2026-01-19 16:47:57 - __main__ - INFO - [main.py:444] - Application shutdown complete
2026-01-19 16:47:58 - __main__ - INFO - [main.py:430] - Initiating graceful application shutdown...
2026-01-19 16:47:58 - __main__ - INFO - [main.py:439] - Database session committed and closed successfully
2026-01-19 16:47:58 - __main__ - INFO - [main.py:444] - Application shutdown complete
2026-01-19 17:17:18 - root - INFO - [logger.py:85] - Logging initialized.
2026-01-19 17:17:18 - app.startup_checks - INFO - [startup_checks.py:298] - Running startup integrity checks...
2026-01-19 17:17:18 - app.startup_checks - INFO - [startup_checks.py:268] - Config integrity check passed
2026-01-19 17:17:18 - app.startup_checks - INFO - [startup_checks.py:316] - ✓ config_integrity: Configuration is valid
2026-01-19 17:17:18 - app.startup_checks - INFO - [startup_checks.py:195] - Required files check passed
2026-01-19 17:17:18 - app.startup_checks - INFO - [startup_checks.py:316] - ✓ required_files: All required files and directories present
2026-01-19 17:17:18 - app.startup_checks - INFO - [startup_checks.py:121] - Database schema check passed
2026-01-19 17:17:18 - app.startup_checks - INFO - [startup_checks.py:316] - ✓ database_schema: All required tables present
2026-01-19 17:17:18 - app.startup_checks - INFO - [startup_checks.py:341] - Integrity checks complete: 3 passed, 0 warnings, 0 failed
2026-01-19 17:17:18 - __main__ - INFO - [main.py:485] - Startup Integrity Check Results:
========================================
✓ config_integrity: Configuration is valid
✓ required_files: All required files and directories present
✓ database_schema: All required tables present
========================================
2026-01-19 17:17:18 - __main__ - INFO - [main.py:515] - Preloading questions into memory...
2026-01-19 17:17:18 - app.questions - INFO - [questions.py:52] - Loaded 100 active questions into memory.
2026-01-19 17:17:30 - app.services.exam_service - INFO - [exam_service.py:55] - Exam session started for user: rohan1
2026-01-19 17:17:31 - app.ml.clustering - INFO - [clustering.py:617] - Model loaded from B:\Open_Source\soul_sence_Exam\SOUL_SENSE_EXAM\app\ml\models\clustering\emotional_profile_model.pkl
2026-01-19 17:19:30 - app.services.exam_service - INFO - [exam_service.py:55] - Exam session started for user: rohan1
2026-01-19 17:19:42 - app.services.exam_service - INFO - [exam_service.py:220] - Exam saved. Score: 15, Sentiment: -54.230000000000004, UserID: 1
2026-01-19 17:20:19 - app.ml.clustering - INFO - [clustering.py:617] - Model loaded from B:\Open_Source\soul_sence_Exam\SOUL_SENSE_EXAM\app\ml\models\clustering\emotional_profile_model.pkl
2026-01-19 17:20:24 - __main__ - INFO - [main.py:430] - Initiating graceful application shutdown...
2026-01-19 17:20:24 - __main__ - INFO - [main.py:439] - Database session committed and closed successfully
2026-01-19 17:20:24 - __main__ - INFO - [main.py:444] - Application shutdown complete
2026-01-19 17:20:24 - __main__ - INFO - [main.py:430] - Initiating graceful application shutdown...
2026-01-19 17:20:24 - __main__ - INFO - [main.py:439] - Database session committed and closed successfully
2026-01-19 17:20:24 - __main__ - INFO - [main.py:444] - Application shutdown complete
2026-01-19 19:11:51 - root - INFO - [logger.py:85] - Logging initialized.
2026-01-19 19:11:51 - app.startup_checks - INFO - [startup_checks.py:302] - Running startup integrity checks...
2026-01-19 19:11:51 - app.startup_checks - INFO - [startup_checks.py:272] - Config integrity check passed
2026-01-19 19:11:51 - app.startup_checks - INFO - [startup_checks.py:320] - ✓ config_integrity: Configuration is valid
2026-01-19 19:11:51 - app.startup_checks - INFO - [startup_checks.py:195] - Required files check passed
2026-01-19 19:11:51 - app.startup_checks - INFO - [startup_checks.py:320] - ✓ required_files: All required files and directories present
2026-01-19 19:11:51 - app.questions - INFO - [questions.py:52] - Loaded 100 active questions into memory.
2026-01-19 19:11:51 - app.startup_checks - INFO - [startup_checks.py:121] - Database schema check passed
2026-01-19 19:11:51 - app.startup_checks - INFO - [startup_checks.py:320] - ✓ database_schema: All required tables present
2026-01-19 19:11:51 - app.startup_checks - INFO - [startup_checks.py:345] - Integrity checks complete: 3 passed, 0 warnings, 0 failed
2026-01-19 19:11:51 - __main__ - INFO - [main.py:485] - Startup Integrity Check Results:
========================================
✓ config_integrity: Configuration is valid
✓ required_files: All required files and directories present
✓ database_schema: All required tables present
========================================
2026-01-19 19:11:51 - __main__ - INFO - [main.py:515] - Preloading questions into memory...
2026-01-19 19:11:51 - app.questions - INFO - [questions.py:52] - Loaded 100 active questions into memory.
2026-01-19 19:12:07 - app.services.exam_service - INFO - [exam_service.py:55] - Exam session started for user: rohan1
2026-01-19 19:12:09 - app.ml.clustering - INFO - [clustering.py:617] - Model loaded from B:\Open_Source\soul_sence_Exam\SOUL_SENSE_EXAM\app\ml\models\clustering\emotional_profile_model.pkl
2026-01-19 19:12:11 - app.ml.clustering - INFO - [clustering.py:617] - Model loaded from B:\Open_Source\soul_sence_Exam\SOUL_SENSE_EXAM\app\ml\models\clustering\emotional_profile_model.pkl
2026-01-19 19:12:26 - __main__ - INFO - [main.py:430] - Initiating graceful application shutdown...
2026-01-19 19:12:26 - __main__ - INFO - [main.py:439] - Database session committed and closed successfully
2026-01-19 19:12:26 - __main__ - INFO - [main.py:444] - Application shutdown complete
2026-01-19 19:12:26 - __main__ - INFO - [main.py:430] - Initiating graceful application shutdown...
2026-01-19 19:12:26 - __main__ - INFO - [main.py:439] - Database session committed and closed successfully
2026-01-19 19:12:26 - __main__ - INFO - [main.py:444] - Application shutdown complete
2026-01-21 22:38:47 - root - INFO - [logger.py:85] - Logging initialized.
2026-01-21 22:38:47 - app.startup_checks - INFO - [startup_checks.py:302] - Running startup integrity checks...
2026-01-21 22:38:47 - app.startup_checks - INFO - [startup_checks.py:272] - Config integrity check passed
2026-01-21 22:38:47 - app.startup_checks - INFO - [startup_checks.py:320] - ✓ config_integrity: Configuration is valid
2026-01-21 22:38:47 - app.startup_checks - INFO - [startup_checks.py:195] - Required files check passed
2026-01-21 22:38:47 - app.startup_checks - INFO - [startup_checks.py:320] - ✓ required_files: All required files and directories present
2026-01-21 22:38:47 - app.startup_checks - WARNING - [startup_checks.py:91] - Missing database tables: ['users', 'scores', 'responses', 'journal_entries', 'user_settings']
2026-01-21 22:38:47 - app.db - INFO - [db.py:49] - Checking database state...
2026-01-21 22:38:47 - app.models - INFO - [models.py:337] - Optimizing database settings...
2026-01-21 22:38:48 - app.models - INFO - [models.py:351] - Creating question search optimization indexes...
2026-01-21 22:38:48 - app.models - WARNING - [models.py:385] - FTS5 not available, skipping full-text search optimization
2026-01-21 22:38:48 - app.questions - ERROR - [questions.py:56] - Failed to initialize questions: [E1002] A database error occurred.
2026-01-21 22:38:48 - app.db - INFO - [db.py:57] - Database tables created/verified successfully.
2026-01-21 22:38:48 - app.db - INFO - [db.py:67] - Found 0 scores in database
2026-01-21 22:38:48 - app.startup_checks - WARNING - [startup_checks.py:322] - ⚠ database_schema: Created missing tables: ['users', 'scores', 'responses', 'journal_entries', 'user_settings']
2026-01-21 22:38:48 - app.startup_checks - INFO - [startup_checks.py:324] -   Recovery: Created tables: users, scores, responses, journal_entries, user_settings
2026-01-21 22:38:48 - app.startup_checks - INFO - [startup_checks.py:345] - Integrity checks complete: 2 passed, 1 warnings, 0 failed
2026-01-21 22:38:48 - __main__ - INFO - [main.py:516] - Startup Integrity Check Results:
========================================
✓ config_integrity: Configuration is valid
✓ required_files: All required files and directories present
⚠ database_schema: Created missing tables: ['users', 'scores', 'responses', 'journal_entries', 'user_settings']
   → Recovery: Created tables: users, scores, responses, journal_entries, user_settings
========================================
2026-01-21 23:14:04 - __main__ - INFO - [main.py:546] - Preloading questions into memory...
2026-01-21 23:14:04 - app.questions - INFO - [questions.py:52] - Loaded 0 active questions into memory.
2026-01-21 23:14:05 - app.questions - INFO - [questions.py:87] - Questions not initialized, loading now...
2026-01-21 23:14:05 - app.questions - INFO - [questions.py:52] - Loaded 0 active questions into memory.
2026-01-22 21:34:47 - root - INFO - [logger.py:85] - Logging initialized.
2026-01-22 21:34:47 - app.startup_checks - INFO - [startup_checks.py:302] - Running startup integrity checks...
2026-01-22 21:34:47 - app.startup_checks - INFO - [startup_checks.py:272] - Config integrity check passed
2026-01-22 21:34:47 - app.startup_checks - INFO - [startup_checks.py:320] - ✓ config_integrity: Configuration is valid
2026-01-22 21:34:47 - app.startup_checks - INFO - [startup_checks.py:195] - Required files check passed
2026-01-22 21:34:47 - app.startup_checks - INFO - [startup_checks.py:320] - ✓ required_files: All required files and directories present
2026-01-22 21:34:47 - app.questions - INFO - [questions.py:52] - Loaded 0 active questions into memory.
2026-01-22 21:34:47 - app.startup_checks - INFO - [startup_checks.py:121] - Database schema check passed
2026-01-22 21:34:47 - app.startup_checks - INFO - [startup_checks.py:320] - ✓ database_schema: All required tables present
2026-01-22 21:34:47 - app.startup_checks - INFO - [startup_checks.py:345] - Integrity checks complete: 3 passed, 0 warnings, 0 failed
2026-01-22 21:34:47 - __main__ - INFO - [main.py:516] - Startup Integrity Check Results:
========================================
✓ config_integrity: Configuration is valid
✓ required_files: All required files and directories present
✓ database_schema: All required tables present
========================================
2026-01-22 21:34:47 - __main__ - INFO - [main.py:546] - Preloading questions into memory...
2026-01-22 21:34:47 - app.questions - INFO - [questions.py:52] - Loaded 0 active questions into memory.
2026-01-22 21:34:47 - app.questions - INFO - [questions.py:87] - Questions not initialized, loading now...
2026-01-22 21:34:47 - app.questions - INFO - [questions.py:52] - Loaded 0 active questions into memory.
2026-01-22 22:03:10 - __main__ - INFO - [main.py:574] - Received signal 2, initiating shutdown
2026-01-22 22:03:10 - __main__ - INFO - [main.py:461] - Initiating graceful application shutdown...
2026-01-22 22:03:10 - __main__ - INFO - [main.py:470] - Database session committed and removed successfully
2026-01-22 22:03:10 - __main__ - INFO - [main.py:475] - Application shutdown complete
2026-01-22 22:03:10 - __main__ - INFO - [main.py:461] - Initiating graceful application shutdown...
2026-01-22 22:03:10 - __main__ - INFO - [main.py:470] - Database session committed and removed successfully
2026-01-22 22:03:10 - __main__ - INFO - [main.py:475] - Application shutdown complete
2026-01-24 01:55:50 - root - INFO - [logger.py:85] - Logging initialized.
2026-01-24 01:55:50 - app.startup_checks - INFO - [startup_checks.py:302] - Running startup integrity checks...
2026-01-24 01:55:50 - app.startup_checks - INFO - [startup_checks.py:272] - Config integrity check passed
2026-01-24 01:55:50 - app.startup_checks - INFO - [startup_checks.py:320] - ✓ config_integrity: Configuration is valid
2026-01-24 01:55:50 - app.startup_checks - INFO - [startup_checks.py:195] - Required files check passed
2026-01-24 01:55:50 - app.startup_checks - INFO - [startup_checks.py:320] - ✓ required_files: All required files and directories present
2026-01-24 01:55:50 - app.startup_checks - WARNING - [startup_checks.py:91] - Missing database tables: ['users', 'scores', 'responses', 'journal_entries', 'user_settings']
2026-01-24 01:55:50 - app.db - INFO - [db.py:60] - Checking database state...
2026-01-24 01:55:50 - app.models - INFO - [models.py:343] - Optimizing database settings...
2026-01-24 01:55:50 - app.models - INFO - [models.py:357] - Creating question search optimization indexes...
2026-01-24 01:55:50 - app.models - WARNING - [models.py:391] - FTS5 not available, skipping full-text search optimization
2026-01-24 01:55:50 - app.db - INFO - [db.py:68] - Database tables created/verified successfully.
2026-01-24 01:55:50 - app.db - INFO - [db.py:78] - Found 0 scores in database
2026-01-24 01:55:50 - app.startup_checks - WARNING - [startup_checks.py:322] - ⚠ database_schema: Created missing tables: ['users', 'scores', 'responses', 'journal_entries', 'user_settings']
2026-01-24 01:55:50 - app.startup_checks - INFO - [startup_checks.py:324] -   Recovery: Created tables: users, scores, responses, journal_entries, user_settings
2026-01-24 01:55:50 - app.startup_checks - INFO - [startup_checks.py:345] - Integrity checks complete: 2 passed, 1 warnings, 0 failed
2026-01-24 01:55:50 - __main__ - INFO - [main.py:540] - Startup Integrity Check Results:
========================================
✓ config_integrity: Configuration is valid
✓ required_files: All required files and directories present
⚠ database_schema: Created missing tables: ['users', 'scores', 'responses', 'journal_entries', 'user_settings']
   → Recovery: Created tables: users, scores, responses, journal_entries, user_settings
========================================
2026-01-24 01:55:51 - app.questions - ERROR - [questions.py:56] - Failed to initialize questions: [E1002] A database error occurred.
2026-01-24 19:05:11 - root - INFO - [logger.py:85] - Logging initialized.
2026-01-24 19:05:11 - app.startup_checks - INFO - [startup_checks.py:302] - Running startup integrity checks...
2026-01-24 19:05:11 - app.startup_checks - INFO - [startup_checks.py:272] - Config integrity check passed
2026-01-24 19:05:11 - app.startup_checks - INFO - [startup_checks.py:320] - ✓ config_integrity: Configuration is valid
2026-01-24 19:05:11 - app.startup_checks - INFO - [startup_checks.py:195] - Required files check passed
2026-01-24 19:05:11 - app.startup_checks - INFO - [startup_checks.py:320] - ✓ required_files: All required files and directories present
2026-01-24 19:05:11 - app.questions - INFO - [questions.py:52] - Loaded 0 active questions into memory.
2026-01-24 19:05:11 - app.startup_checks - INFO - [startup_checks.py:121] - Database schema check passed
2026-01-24 19:05:11 - app.startup_checks - INFO - [startup_checks.py:320] - ✓ database_schema: All required tables present
2026-01-24 19:05:11 - app.startup_checks - INFO - [startup_checks.py:345] - Integrity checks complete: 3 passed, 0 warnings, 0 failed
2026-01-24 19:05:11 - __main__ - INFO - [main.py:540] - Startup Integrity Check Results:
========================================
✓ config_integrity: Configuration is valid
✓ required_files: All required files and directories present
✓ database_schema: All required tables present
========================================
2026-01-24 19:05:11 - __main__ - INFO - [main.py:570] - Preloading questions into memory...
2026-01-24 19:05:11 - app.questions - INFO - [questions.py:52] - Loaded 0 active questions into memory.
2026-01-24 19:05:12 - app.questions - INFO - [questions.py:87] - Questions not initialized, loading now...
2026-01-24 19:05:12 - app.questions - INFO - [questions.py:52] - Loaded 0 active questions into memory.
2026-01-24 19:06:29 - __main__ - INFO - [main.py:482] - Initiating graceful application shutdown...
2026-01-24 19:06:29 - __main__ - INFO - [main.py:491] - Database session committed and removed successfully
2026-01-24 19:06:29 - __main__ - INFO - [main.py:496] - Application shutdown complete
2026-01-24 19:06:55 - root - INFO - [logger.py:85] - Logging initialized.
2026-01-24 19:06:55 - app.questions - INFO - [questions.py:52] - Loaded 0 active questions into memory.
2026-01-24 19:06:55 - app.startup_checks - INFO - [startup_checks.py:302] - Running startup integrity checks...
2026-01-24 19:06:55 - app.startup_checks - INFO - [startup_checks.py:272] - Config integrity check passed
2026-01-24 19:06:55 - app.startup_checks - INFO - [startup_checks.py:320] - ✓ config_integrity: Configuration is valid
2026-01-24 19:06:55 - app.startup_checks - INFO - [startup_checks.py:195] - Required files check passed
2026-01-24 19:06:55 - app.startup_checks - INFO - [startup_checks.py:320] - ✓ required_files: All required files and directories present
2026-01-24 19:06:55 - app.startup_checks - INFO - [startup_checks.py:121] - Database schema check passed
2026-01-24 19:06:55 - app.startup_checks - INFO - [startup_checks.py:320] - ✓ database_schema: All required tables present
2026-01-24 19:06:55 - app.startup_checks - INFO - [startup_checks.py:345] - Integrity checks complete: 3 passed, 0 warnings, 0 failed
2026-01-24 19:06:55 - __main__ - INFO - [main.py:540] - Startup Integrity Check Results:
========================================
✓ config_integrity: Configuration is valid
✓ required_files: All required files and directories present
✓ database_schema: All required tables present
========================================
2026-01-24 19:06:55 - __main__ - INFO - [main.py:570] - Preloading questions into memory...
2026-01-24 19:06:55 - app.questions - INFO - [questions.py:52] - Loaded 0 active questions into memory.
2026-01-24 19:06:55 - app.questions - INFO - [questions.py:87] - Questions not initialized, loading now...
2026-01-24 19:06:55 - app.questions - INFO - [questions.py:52] - Loaded 0 active questions into memory.
2026-01-24 19:07:23 - app.services.exam_service - INFO - [exam_service.py:180] - Exam session started for user: rohan
2026-01-24 19:07:24 - app.ml.clustering - INFO - [clustering.py:617] - Model loaded from B:\Open_Source\soul_sence_Exam\SOUL_SENSE_EXAM\app\ml\models\clustering\emotional_profile_model.pkl
2026-01-24 19:07:34 - root - ERROR - [profile.py:1344] - Error loading personal profile: 'UserProfileView' object has no attribute 'current_events'
2026-01-24 19:09:04 - __main__ - INFO - [main.py:482] - Initiating graceful application shutdown...
2026-01-24 19:09:05 - __main__ - INFO - [main.py:491] - Database session committed and removed successfully
2026-01-24 19:09:05 - __main__ - INFO - [main.py:496] - Application shutdown complete
2026-01-24 19:09:05 - __main__ - INFO - [main.py:482] - Initiating graceful application shutdown...
2026-01-24 19:09:05 - __main__ - INFO - [main.py:491] - Database session committed and removed successfully
2026-01-24 19:09:05 - __main__ - INFO - [main.py:496] - Application shutdown complete
2026-01-24 19:19:35 - root - INFO - [logger.py:85] - Logging initialized.
2026-01-24 19:19:35 - app.startup_checks - INFO - [startup_checks.py:302] - Running startup integrity checks...
2026-01-24 19:19:35 - app.startup_checks - INFO - [startup_checks.py:272] - Config integrity check passed
2026-01-24 19:19:35 - app.startup_checks - INFO - [startup_checks.py:320] - ✓ config_integrity: Configuration is valid
2026-01-24 19:19:35 - app.startup_checks - INFO - [startup_checks.py:195] - Required files check passed
2026-01-24 19:19:35 - app.startup_checks - INFO - [startup_checks.py:320] - ✓ required_files: All required files and directories present
2026-01-24 19:19:35 - app.startup_checks - INFO - [startup_checks.py:121] - Database schema check passed
2026-01-24 19:19:35 - app.questions - INFO - [questions.py:52] - Loaded 0 active questions into memory.
2026-01-24 19:19:35 - app.startup_checks - INFO - [startup_checks.py:320] - ✓ database_schema: All required tables present
2026-01-24 19:19:35 - app.startup_checks - INFO - [startup_checks.py:345] - Integrity checks complete: 3 passed, 0 warnings, 0 failed
2026-01-24 19:19:35 - __main__ - INFO - [main.py:540] - Startup Integrity Check Results:
========================================
✓ config_integrity: Configuration is valid
✓ required_files: All required files and directories present
✓ database_schema: All required tables present
========================================
2026-01-24 19:19:35 - __main__ - INFO - [main.py:570] - Preloading questions into memory...
2026-01-24 19:19:35 - app.questions - INFO - [questions.py:52] - Loaded 0 active questions into memory.
2026-01-24 19:19:35 - app.questions - INFO - [questions.py:87] - Questions not initialized, loading now...
2026-01-24 19:19:35 - app.questions - INFO - [questions.py:52] - Loaded 0 active questions into memory.
2026-01-24 19:19:48 - __main__ - INFO - [main.py:482] - Initiating graceful application shutdown...
2026-01-24 19:19:48 - __main__ - INFO - [main.py:491] - Database session committed and removed successfully
2026-01-24 19:19:48 - __main__ - INFO - [main.py:496] - Application shutdown complete
2026-01-27 11:53:16 - root - INFO - [logger.py:85] - Logging initialized.
2026-01-27 11:53:16 - app.startup_checks - INFO - [startup_checks.py:302] - Running startup integrity checks...
2026-01-27 11:53:16 - app.startup_checks - INFO - [startup_checks.py:272] - Config integrity check passed
2026-01-27 11:53:16 - app.startup_checks - INFO - [startup_checks.py:320] - ✓ config_integrity: Configuration is valid
2026-01-27 11:53:16 - app.startup_checks - INFO - [startup_checks.py:195] - Required files check passed
2026-01-27 11:53:16 - app.startup_checks - INFO - [startup_checks.py:320] - ✓ required_files: All required files and directories present
2026-01-27 11:53:16 - app.startup_checks - INFO - [startup_checks.py:121] - Database schema check passed
2026-01-27 11:53:16 - app.startup_checks - INFO - [startup_checks.py:320] - ✓ database_schema: All required tables present
2026-01-27 11:53:16 - app.startup_checks - INFO - [startup_checks.py:345] - Integrity checks complete: 3 passed, 0 warnings, 0 failed
2026-01-27 11:53:16 - __main__ - INFO - [main.py:540] - Startup Integrity Check Results:
========================================
✓ config_integrity: Configuration is valid
✓ required_files: All required files and directories present
✓ database_schema: All required tables present
========================================
2026-01-27 11:53:16 - __main__ - INFO - [main.py:570] - Preloading questions into memory...
2026-01-27 11:53:16 - app.questions - INFO - [questions.py:52] - Loaded 0 active questions into memory.
2026-01-27 11:53:23 - app.questions - INFO - [questions.py:87] - Questions not initialized, loading now...
2026-01-27 11:53:23 - app.questions - INFO - [questions.py:52] - Loaded 0 active questions into memory.
2026-01-27 12:01:49 - root - INFO - [logger.py:85] - Logging initialized.
2026-01-27 12:01:49 - app.startup_checks - INFO - [startup_checks.py:302] - Running startup integrity checks...
2026-01-27 12:01:49 - app.startup_checks - INFO - [startup_checks.py:272] - Config integrity check passed
2026-01-27 12:01:49 - app.startup_checks - INFO - [startup_checks.py:320] - ✓ config_integrity: Configuration is valid
2026-01-27 12:01:49 - app.startup_checks - INFO - [startup_checks.py:195] - Required files check passed
2026-01-27 12:01:49 - app.startup_checks - INFO - [startup_checks.py:320] - ✓ required_files: All required files and directories present
2026-01-27 12:01:49 - app.startup_checks - INFO - [startup_checks.py:121] - Database schema check passed
2026-01-27 12:01:49 - app.startup_checks - INFO - [startup_checks.py:320] - ✓ database_schema: All required tables present
2026-01-27 12:01:49 - app.startup_checks - INFO - [startup_checks.py:345] - Integrity checks complete: 3 passed, 0 warnings, 0 failed
2026-01-27 12:01:49 - __main__ - INFO - [main.py:540] - Startup Integrity Check Results:
========================================
✓ config_integrity: Configuration is valid
✓ required_files: All required files and directories present
✓ database_schema: All required tables present
========================================
2026-01-27 12:01:49 - __main__ - INFO - [main.py:570] - Preloading questions into memory...
2026-01-27 12:01:49 - app.questions - INFO - [questions.py:52] - Loaded 0 active questions into memory.
2026-01-27 12:01:50 - app.questions - INFO - [questions.py:87] - Questions not initialized, loading now...
2026-01-27 12:01:50 - app.questions - INFO - [questions.py:52] - Loaded 0 active questions into memory.
2026-01-27 12:05:04 - __main__ - INFO - [main.py:482] - Initiating graceful application shutdown...
2026-01-27 12:05:04 - __main__ - INFO - [main.py:491] - Database session committed and removed successfully
2026-01-27 12:05:04 - __main__ - INFO - [main.py:496] - Application shutdown complete
2026-01-27 12:15:12 - root - INFO - [logger.py:85] - Logging initialized.
2026-01-27 12:15:13 - app.startup_checks - INFO - [startup_checks.py:302] - Running startup integrity checks...
2026-01-27 12:15:13 - app.startup_checks - INFO - [startup_checks.py:272] - Config integrity check passed
2026-01-27 12:15:13 - app.startup_checks - INFO - [startup_checks.py:320] - ✓ config_integrity: Configuration is valid
2026-01-27 12:15:13 - app.startup_checks - INFO - [startup_checks.py:195] - Required files check passed
2026-01-27 12:15:13 - app.startup_checks - INFO - [startup_checks.py:320] - ✓ required_files: All required files and directories present
2026-01-27 12:15:13 - app.startup_checks - INFO - [startup_checks.py:121] - Database schema check passed
2026-01-27 12:15:13 - app.startup_checks - INFO - [startup_checks.py:320] - ✓ database_schema: All required tables present
2026-01-27 12:15:13 - app.startup_checks - INFO - [startup_checks.py:345] - Integrity checks complete: 3 passed, 0 warnings, 0 failed
2026-01-27 12:15:13 - __main__ - INFO - [main.py:540] - Startup Integrity Check Results:
========================================
✓ config_integrity: Configuration is valid
✓ required_files: All required files and directories present
✓ database_schema: All required tables present
========================================
2026-01-27 12:15:13 - __main__ - INFO - [main.py:570] - Preloading questions into memory...
2026-01-27 12:15:13 - app.questions - INFO - [questions.py:52] - Loaded 0 active questions into memory.
2026-01-27 12:15:14 - app.questions - INFO - [questions.py:87] - Questions not initialized, loading now...
2026-01-27 12:15:14 - app.questions - INFO - [questions.py:52] - Loaded 0 active questions into memory.
2026-01-27 12:16:09 - __main__ - ERROR - [main.py:362] - Failed to load journal summary: (sqlite3.OperationalError) no such column: journal_entries.user_id
[SQL: SELECT journal_entries.id AS journal_entries_id, journal_entries.username AS journal_entries_username, journal_entries.user_id AS journal_entries_user_id, journal_entries.entry_date AS journal_entries_entry_date, journal_entries.content AS journal_entries_content, journal_entries.sentiment_score AS journal_entries_sentiment_score, journal_entries.emotional_patterns AS journal_entries_emotional_patterns, journal_entries.sleep_hours AS journal_entries_sleep_hours, journal_entries.sleep_quality AS journal_entries_sleep_quality, journal_entries.energy_level AS journal_entries_energy_level, journal_entries.work_hours AS journal_entries_work_hours, journal_entries.screen_time_mins AS journal_entries_screen_time_mins, journal_entries.stress_level AS journal_entries_stress_level, journal_entries.stress_triggers AS journal_entries_stress_triggers, journal_entries.daily_schedule AS journal_entries_daily_schedule, journal_entries.tags AS journal_entries_tags, journal_entries.is_deleted AS journal_entries_is_deleted, journal_entries.privacy_level AS journal_entries_privacy_level, journal_entries.word_count AS journal_entries_word_count 
FROM journal_entries 
WHERE journal_entries.username = ? ORDER BY journal_entries.entry_date DESC
 LIMIT ? OFFSET ?]
[parameters: ('aditya', 3, 0)]
(Background on this error at: https://sqlalche.me/e/20/e3q8)
2026-01-27 12:16:14 - app.services.exam_service - INFO - [exam_service.py:180] - Exam session started for user: aditya
2026-01-27 12:16:20 - app.ml.clustering - INFO - [clustering.py:617] - Model loaded from C:\Users\Rushabh Mahajan\Documents\VS Code\SOUL_SENSE_EXAM\app\ml\models\clustering\emotional_profile_model.pkl
2026-01-27 12:16:35 - app.db - ERROR - [db.py:49] - Database error: (sqlite3.OperationalError) no such column: journal_entries.user_id
[SQL: SELECT journal_entries.id AS journal_entries_id, journal_entries.username AS journal_entries_username, journal_entries.user_id AS journal_entries_user_id, journal_entries.entry_date AS journal_entries_entry_date, journal_entries.content AS journal_entries_content, journal_entries.sentiment_score AS journal_entries_sentiment_score, journal_entries.emotional_patterns AS journal_entries_emotional_patterns, journal_entries.sleep_hours AS journal_entries_sleep_hours, journal_entries.sleep_quality AS journal_entries_sleep_quality, journal_entries.energy_level AS journal_entries_energy_level, journal_entries.work_hours AS journal_entries_work_hours, journal_entries.screen_time_mins AS journal_entries_screen_time_mins, journal_entries.stress_level AS journal_entries_stress_level, journal_entries.stress_triggers AS journal_entries_stress_triggers, journal_entries.daily_schedule AS journal_entries_daily_schedule, journal_entries.tags AS journal_entries_tags, journal_entries.is_deleted AS journal_entries_is_deleted, journal_entries.privacy_level AS journal_entries_privacy_level, journal_entries.word_count AS journal_entries_word_count 
FROM journal_entries 
WHERE journal_entries.username = ? ORDER BY journal_entries.entry_date DESC]
[parameters: ('aditya',)]
(Background on this error at: https://sqlalche.me/e/20/e3q8)
Traceback (most recent call last):
  File "C:\Users\Rushabh Mahajan\Documents\VS Code\SOUL_SENSE_EXAM\venv\Lib\site-packages\sqlalchemy\engine\base.py", line 1969, in _exec_single_context
    self.dialect.do_execute(
  File "C:\Users\Rushabh Mahajan\Documents\VS Code\SOUL_SENSE_EXAM\venv\Lib\site-packages\sqlalchemy\engine\default.py", line 922, in do_execute
    cursor.execute(statement, parameters)
sqlite3.OperationalError: no such column: journal_entries.user_id

The above exception was the direct cause of the following exception:

Traceback (most recent call last):
  File "C:\Users\Rushabh Mahajan\Documents\VS Code\SOUL_SENSE_EXAM\app\db.py", line 45, in safe_db_context
    yield session
  File "C:\Users\Rushabh Mahajan\Documents\VS Code\SOUL_SENSE_EXAM\app\ui\journal.py", line 379, in update_inline_results
    .all()
     ^^^^^
  File "C:\Users\Rushabh Mahajan\Documents\VS Code\SOUL_SENSE_EXAM\venv\Lib\site-packages\sqlalchemy\orm\query.py", line 2693, in all
    return self._iter().all()  # type: ignore
           ^^^^^^^^^^^^
  File "C:\Users\Rushabh Mahajan\Documents\VS Code\SOUL_SENSE_EXAM\venv\Lib\site-packages\sqlalchemy\orm\query.py", line 2847, in _iter
    result: Union[ScalarResult[_T], Result[_T]] = self.session.execute(
                                                  ^^^^^^^^^^^^^^^^^^^^^
  File "C:\Users\Rushabh Mahajan\Documents\VS Code\SOUL_SENSE_EXAM\venv\Lib\site-packages\sqlalchemy\orm\session.py", line 2308, in execute
    return self._execute_internal(
           ^^^^^^^^^^^^^^^^^^^^^^^
  File "C:\Users\Rushabh Mahajan\Documents\VS Code\SOUL_SENSE_EXAM\venv\Lib\site-packages\sqlalchemy\orm\session.py", line 2190, in _execute_internal
    result: Result[Any] = compile_state_cls.orm_execute_statement(
                          ^^^^^^^^^^^^^^^^^^^^^^^^^^^^^^^^^^^^^^^^
  File "C:\Users\Rushabh Mahajan\Documents\VS Code\SOUL_SENSE_EXAM\venv\Lib\site-packages\sqlalchemy\orm\context.py", line 293, in orm_execute_statement
    result = conn.execute(
             ^^^^^^^^^^^^^
  File "C:\Users\Rushabh Mahajan\Documents\VS Code\SOUL_SENSE_EXAM\venv\Lib\site-packages\sqlalchemy\engine\base.py", line 1416, in execute
    return meth(
           ^^^^^
  File "C:\Users\Rushabh Mahajan\Documents\VS Code\SOUL_SENSE_EXAM\venv\Lib\site-packages\sqlalchemy\sql\elements.py", line 517, in _execute_on_connection
    return connection._execute_clauseelement(
           ^^^^^^^^^^^^^^^^^^^^^^^^^^^^^^^^^^
  File "C:\Users\Rushabh Mahajan\Documents\VS Code\SOUL_SENSE_EXAM\venv\Lib\site-packages\sqlalchemy\engine\base.py", line 1639, in _execute_clauseelement
    ret = self._execute_context(
          ^^^^^^^^^^^^^^^^^^^^^^
  File "C:\Users\Rushabh Mahajan\Documents\VS Code\SOUL_SENSE_EXAM\venv\Lib\site-packages\sqlalchemy\engine\base.py", line 1848, in _execute_context
    return self._exec_single_context(
           ^^^^^^^^^^^^^^^^^^^^^^^^^^
  File "C:\Users\Rushabh Mahajan\Documents\VS Code\SOUL_SENSE_EXAM\venv\Lib\site-packages\sqlalchemy\engine\base.py", line 1988, in _exec_single_context
    self._handle_dbapi_exception(
  File "C:\Users\Rushabh Mahajan\Documents\VS Code\SOUL_SENSE_EXAM\venv\Lib\site-packages\sqlalchemy\engine\base.py", line 2344, in _handle_dbapi_exception
    raise sqlalchemy_exception.with_traceback(exc_info[2]) from e
  File "C:\Users\Rushabh Mahajan\Documents\VS Code\SOUL_SENSE_EXAM\venv\Lib\site-packages\sqlalchemy\engine\base.py", line 1969, in _exec_single_context
    self.dialect.do_execute(
  File "C:\Users\Rushabh Mahajan\Documents\VS Code\SOUL_SENSE_EXAM\venv\Lib\site-packages\sqlalchemy\engine\default.py", line 922, in do_execute
    cursor.execute(statement, parameters)
sqlalchemy.exc.OperationalError: (sqlite3.OperationalError) no such column: journal_entries.user_id
[SQL: SELECT journal_entries.id AS journal_entries_id, journal_entries.username AS journal_entries_username, journal_entries.user_id AS journal_entries_user_id, journal_entries.entry_date AS journal_entries_entry_date, journal_entries.content AS journal_entries_content, journal_entries.sentiment_score AS journal_entries_sentiment_score, journal_entries.emotional_patterns AS journal_entries_emotional_patterns, journal_entries.sleep_hours AS journal_entries_sleep_hours, journal_entries.sleep_quality AS journal_entries_sleep_quality, journal_entries.energy_level AS journal_entries_energy_level, journal_entries.work_hours AS journal_entries_work_hours, journal_entries.screen_time_mins AS journal_entries_screen_time_mins, journal_entries.stress_level AS journal_entries_stress_level, journal_entries.stress_triggers AS journal_entries_stress_triggers, journal_entries.daily_schedule AS journal_entries_daily_schedule, journal_entries.tags AS journal_entries_tags, journal_entries.is_deleted AS journal_entries_is_deleted, journal_entries.privacy_level AS journal_entries_privacy_level, journal_entries.word_count AS journal_entries_word_count 
FROM journal_entries 
WHERE journal_entries.username = ? ORDER BY journal_entries.entry_date DESC]
[parameters: ('aditya',)]
(Background on this error at: https://sqlalche.me/e/20/e3q8)
2026-01-27 12:16:35 - __main__ - ERROR - [main.py:455] - Journal error: [E1002] A database error occurred.
2026-01-27 12:16:42 - root - ERROR - [profile.py:597] - Error loading overview data: (sqlite3.OperationalError) no such column: journal_entries.user_id
[SQL: SELECT journal_entries.id AS journal_entries_id, journal_entries.username AS journal_entries_username, journal_entries.user_id AS journal_entries_user_id, journal_entries.entry_date AS journal_entries_entry_date, journal_entries.content AS journal_entries_content, journal_entries.sentiment_score AS journal_entries_sentiment_score, journal_entries.emotional_patterns AS journal_entries_emotional_patterns, journal_entries.sleep_hours AS journal_entries_sleep_hours, journal_entries.sleep_quality AS journal_entries_sleep_quality, journal_entries.energy_level AS journal_entries_energy_level, journal_entries.work_hours AS journal_entries_work_hours, journal_entries.screen_time_mins AS journal_entries_screen_time_mins, journal_entries.stress_level AS journal_entries_stress_level, journal_entries.stress_triggers AS journal_entries_stress_triggers, journal_entries.daily_schedule AS journal_entries_daily_schedule, journal_entries.tags AS journal_entries_tags, journal_entries.is_deleted AS journal_entries_is_deleted, journal_entries.privacy_level AS journal_entries_privacy_level, journal_entries.word_count AS journal_entries_word_count 
FROM journal_entries 
WHERE journal_entries.username = ? ORDER BY journal_entries.entry_date DESC
 LIMIT ? OFFSET ?]
[parameters: ('aditya', 3, 0)]
(Background on this error at: https://sqlalche.me/e/20/e3q8)
2026-01-27 12:16:47 - __main__ - ERROR - [main.py:362] - Failed to load journal summary: (sqlite3.OperationalError) no such column: journal_entries.user_id
[SQL: SELECT journal_entries.id AS journal_entries_id, journal_entries.username AS journal_entries_username, journal_entries.user_id AS journal_entries_user_id, journal_entries.entry_date AS journal_entries_entry_date, journal_entries.content AS journal_entries_content, journal_entries.sentiment_score AS journal_entries_sentiment_score, journal_entries.emotional_patterns AS journal_entries_emotional_patterns, journal_entries.sleep_hours AS journal_entries_sleep_hours, journal_entries.sleep_quality AS journal_entries_sleep_quality, journal_entries.energy_level AS journal_entries_energy_level, journal_entries.work_hours AS journal_entries_work_hours, journal_entries.screen_time_mins AS journal_entries_screen_time_mins, journal_entries.stress_level AS journal_entries_stress_level, journal_entries.stress_triggers AS journal_entries_stress_triggers, journal_entries.daily_schedule AS journal_entries_daily_schedule, journal_entries.tags AS journal_entries_tags, journal_entries.is_deleted AS journal_entries_is_deleted, journal_entries.privacy_level AS journal_entries_privacy_level, journal_entries.word_count AS journal_entries_word_count 
FROM journal_entries 
WHERE journal_entries.username = ? ORDER BY journal_entries.entry_date DESC
 LIMIT ? OFFSET ?]
[parameters: ('aditya', 3, 0)]
(Background on this error at: https://sqlalche.me/e/20/e3q8)
2026-01-27 16:33:40 - root - INFO - [logger.py:85] - Logging initialized.
2026-01-27 16:33:40 - app.startup_checks - INFO - [startup_checks.py:302] - Running startup integrity checks...
2026-01-27 16:33:40 - app.startup_checks - INFO - [startup_checks.py:272] - Config integrity check passed
2026-01-27 16:33:40 - app.startup_checks - INFO - [startup_checks.py:320] - ✓ config_integrity: Configuration is valid
2026-01-27 16:33:40 - app.startup_checks - INFO - [startup_checks.py:195] - Required files check passed
2026-01-27 16:33:40 - app.startup_checks - INFO - [startup_checks.py:320] - ✓ required_files: All required files and directories present
2026-01-27 16:33:40 - app.startup_checks - INFO - [startup_checks.py:121] - Database schema check passed
2026-01-27 16:33:40 - app.startup_checks - INFO - [startup_checks.py:320] - ✓ database_schema: All required tables present
2026-01-27 16:33:40 - app.startup_checks - INFO - [startup_checks.py:345] - Integrity checks complete: 3 passed, 0 warnings, 0 failed
2026-01-27 16:33:40 - __main__ - INFO - [main.py:132] - Startup Integrity Check Results:
========================================
✓ config_integrity: Configuration is valid
✓ required_files: All required files and directories present
✓ database_schema: All required tables present
========================================
2026-01-27 16:33:40 - __main__ - INFO - [main.py:161] - Preloading questions into memory...
2026-01-27 16:33:40 - app.questions - INFO - [questions.py:52] - Loaded 100 active questions into memory.
2026-01-27 16:34:08 - app.services.exam_service - INFO - [exam_service.py:180] - Exam session started for user: rohan
2026-01-27 16:34:15 - app.ui.app_initializer - INFO - [app_initializer.py:204] - Database session removed during logout
2026-01-27 16:34:55 - app.ui.app_initializer - INFO - [app_initializer.py:204] - Database session removed during logout
2026-01-27 16:35:05 - app.ui.app_initializer - INFO - [app_initializer.py:204] - Database session removed during logout
2026-01-27 16:35:25 - app.shutdown_handler - INFO - [shutdown_handler.py:56] - Initiating graceful application shutdown...
2026-01-27 16:35:25 - app.shutdown_handler - INFO - [shutdown_handler.py:65] - Database session committed and removed successfully
2026-01-27 16:35:25 - app.shutdown_handler - INFO - [shutdown_handler.py:70] - Application shutdown complete
2026-01-27 16:35:25 - app.shutdown_handler - INFO - [shutdown_handler.py:56] - Initiating graceful application shutdown...
2026-01-27 16:35:25 - app.shutdown_handler - INFO - [shutdown_handler.py:65] - Database session committed and removed successfully
2026-01-27 16:35:25 - app.shutdown_handler - INFO - [shutdown_handler.py:70] - Application shutdown complete
2026-01-27 16:45:21 - root - INFO - [logger.py:85] - Logging initialized.
2026-01-27 16:45:21 - app.startup_checks - INFO - [startup_checks.py:302] - Running startup integrity checks...
2026-01-27 16:45:21 - app.startup_checks - INFO - [startup_checks.py:272] - Config integrity check passed
2026-01-27 16:45:21 - app.startup_checks - INFO - [startup_checks.py:320] - ✓ config_integrity: Configuration is valid
2026-01-27 16:45:21 - app.startup_checks - INFO - [startup_checks.py:195] - Required files check passed
2026-01-27 16:45:21 - app.startup_checks - INFO - [startup_checks.py:320] - ✓ required_files: All required files and directories present
2026-01-27 16:45:21 - app.startup_checks - INFO - [startup_checks.py:121] - Database schema check passed
2026-01-27 16:45:21 - app.startup_checks - INFO - [startup_checks.py:320] - ✓ database_schema: All required tables present
2026-01-27 16:45:21 - app.startup_checks - INFO - [startup_checks.py:345] - Integrity checks complete: 3 passed, 0 warnings, 0 failed
2026-01-27 16:45:21 - __main__ - INFO - [main.py:132] - Startup Integrity Check Results:
========================================
✓ config_integrity: Configuration is valid
✓ required_files: All required files and directories present
✓ database_schema: All required tables present
========================================
2026-01-27 16:45:21 - __main__ - INFO - [main.py:161] - Preloading questions into memory...
2026-01-27 16:45:21 - app.questions - INFO - [questions.py:52] - Loaded 100 active questions into memory.
2026-01-27 16:45:23 - app.error_handler - CRITICAL - [error_handler.py:132] - [CRITICAL] main.startup: AttributeError - 'SidebarNav' object has no attribute 'buttons'
Traceback (most recent call last):
  File "B:\Open_Source\soul_sence_Exam\SOUL_SENSE_EXAM\app\main.py", line 183, in <module>
    app = SoulSenseApp(root)
  File "B:\Open_Source\soul_sence_Exam\SOUL_SENSE_EXAM\app\main.py", line 21, in __init__
    self.initializer = AppInitializer(self)
                       ~~~~~~~~~~~~~~^^^^^^
  File "B:\Open_Source\soul_sence_Exam\SOUL_SENSE_EXAM\app\ui\app_initializer.py", line 13, in __init__
    self.setup_ui()
    ~~~~~~~~~~~~~^^
  File "B:\Open_Source\soul_sence_Exam\SOUL_SENSE_EXAM\app\ui\app_initializer.py", line 54, in setup_ui
    self.app.sidebar = SidebarNav(self.app.main_container, self.app, [
                       ~~~~~~~~~~^^^^^^^^^^^^^^^^^^^^^^^^^^^^^^^^^^^^^
        {"id": "home", "label": "Home", "icon": "🏠"},
        ^^^^^^^^^^^^^^^^^^^^^^^^^^^^^^^^^^^^^^^^^^^^^^
    ...<4 lines>...
        {"id": "history", "label": "History", "icon": "📚"},
        ^^^^^^^^^^^^^^^^^^^^^^^^^^^^^^^^^^^^^^^^^^^^^^^^^^^^
    ], on_change=self.app.switch_view)
    ^^^^^^^^^^^^^^^^^^^^^^^^^^^^^^^^^^
  File "B:\Open_Source\soul_sence_Exam\SOUL_SENSE_EXAM\app\ui\sidebar.py", line 28, in __init__
    self._render_items()
    ~~~~~~~~~~~~~~~~~~^^
  File "B:\Open_Source\soul_sence_Exam\SOUL_SENSE_EXAM\app\ui\sidebar.py", line 166, in _render_items
    self._create_nav_item(item)
    ~~~~~~~~~~~~~~~~~~~~~^^^^^^
  File "B:\Open_Source\soul_sence_Exam\SOUL_SENSE_EXAM\app\ui\sidebar.py", line 200, in _create_nav_item
    self.buttons[item_id] = {
    ^^^^^^^^^^^^
AttributeError: 'SidebarNav' object has no attribute 'buttons'
2026-01-27 16:48:05 - root - INFO - [logger.py:85] - Logging initialized.
2026-01-27 16:48:05 - app.startup_checks - INFO - [startup_checks.py:302] - Running startup integrity checks...
2026-01-27 16:48:05 - app.startup_checks - INFO - [startup_checks.py:272] - Config integrity check passed
2026-01-27 16:48:05 - app.startup_checks - INFO - [startup_checks.py:320] - ✓ config_integrity: Configuration is valid
2026-01-27 16:48:05 - app.startup_checks - INFO - [startup_checks.py:195] - Required files check passed
2026-01-27 16:48:05 - app.startup_checks - INFO - [startup_checks.py:320] - ✓ required_files: All required files and directories present
2026-01-27 16:48:05 - app.startup_checks - INFO - [startup_checks.py:121] - Database schema check passed
2026-01-27 16:48:05 - app.startup_checks - INFO - [startup_checks.py:320] - ✓ database_schema: All required tables present
2026-01-27 16:48:05 - app.startup_checks - INFO - [startup_checks.py:345] - Integrity checks complete: 3 passed, 0 warnings, 0 failed
2026-01-27 16:48:05 - __main__ - INFO - [main.py:132] - Startup Integrity Check Results:
========================================
✓ config_integrity: Configuration is valid
✓ required_files: All required files and directories present
✓ database_schema: All required tables present
========================================
2026-01-27 16:48:05 - __main__ - INFO - [main.py:161] - Preloading questions into memory...
2026-01-27 16:48:05 - app.questions - INFO - [questions.py:52] - Loaded 100 active questions into memory.
2026-01-27 16:50:48 - app.ui.app_initializer - INFO - [app_initializer.py:204] - Database session removed during logout
2026-01-27 16:50:50 - app.shutdown_handler - INFO - [shutdown_handler.py:56] - Initiating graceful application shutdown...
2026-01-27 16:50:50 - app.shutdown_handler - INFO - [shutdown_handler.py:65] - Database session committed and removed successfully
2026-01-27 16:50:50 - app.shutdown_handler - INFO - [shutdown_handler.py:70] - Application shutdown complete
2026-01-27 16:50:50 - app.shutdown_handler - INFO - [shutdown_handler.py:56] - Initiating graceful application shutdown...
2026-01-27 16:50:50 - app.shutdown_handler - INFO - [shutdown_handler.py:65] - Database session committed and removed successfully
2026-01-27 16:50:50 - app.shutdown_handler - INFO - [shutdown_handler.py:70] - Application shutdown complete
2026-01-27 16:51:14 - root - INFO - [logger.py:85] - Logging initialized.
2026-01-27 16:51:14 - app.startup_checks - INFO - [startup_checks.py:302] - Running startup integrity checks...
2026-01-27 16:51:14 - app.startup_checks - INFO - [startup_checks.py:272] - Config integrity check passed
2026-01-27 16:51:14 - app.startup_checks - INFO - [startup_checks.py:320] - ✓ config_integrity: Configuration is valid
2026-01-27 16:51:14 - app.startup_checks - INFO - [startup_checks.py:195] - Required files check passed
2026-01-27 16:51:14 - app.startup_checks - INFO - [startup_checks.py:320] - ✓ required_files: All required files and directories present
2026-01-27 16:51:14 - app.startup_checks - INFO - [startup_checks.py:121] - Database schema check passed
2026-01-27 16:51:14 - app.startup_checks - INFO - [startup_checks.py:320] - ✓ database_schema: All required tables present
2026-01-27 16:51:14 - app.startup_checks - INFO - [startup_checks.py:345] - Integrity checks complete: 3 passed, 0 warnings, 0 failed
2026-01-27 16:51:14 - __main__ - INFO - [main.py:132] - Startup Integrity Check Results:
========================================
✓ config_integrity: Configuration is valid
✓ required_files: All required files and directories present
✓ database_schema: All required tables present
========================================
2026-01-27 16:51:14 - __main__ - INFO - [main.py:161] - Preloading questions into memory...
2026-01-27 16:51:14 - app.questions - INFO - [questions.py:52] - Loaded 100 active questions into memory.
2026-01-27 16:56:11 - app.ui.app_initializer - INFO - [app_initializer.py:204] - Database session removed during logout
2026-01-27 16:56:14 - app.shutdown_handler - INFO - [shutdown_handler.py:56] - Initiating graceful application shutdown...
2026-01-27 16:56:14 - app.shutdown_handler - INFO - [shutdown_handler.py:65] - Database session committed and removed successfully
2026-01-27 16:56:14 - app.shutdown_handler - INFO - [shutdown_handler.py:70] - Application shutdown complete
2026-01-27 16:56:14 - app.shutdown_handler - INFO - [shutdown_handler.py:56] - Initiating graceful application shutdown...
2026-01-27 16:56:14 - app.shutdown_handler - INFO - [shutdown_handler.py:65] - Database session committed and removed successfully
2026-01-27 16:56:14 - app.shutdown_handler - INFO - [shutdown_handler.py:70] - Application shutdown complete
2026-01-27 16:56:42 - root - INFO - [logger.py:85] - Logging initialized.
2026-01-27 16:56:42 - app.startup_checks - INFO - [startup_checks.py:302] - Running startup integrity checks...
2026-01-27 16:56:42 - app.startup_checks - INFO - [startup_checks.py:272] - Config integrity check passed
2026-01-27 16:56:42 - app.startup_checks - INFO - [startup_checks.py:320] - ✓ config_integrity: Configuration is valid
2026-01-27 16:56:42 - app.startup_checks - INFO - [startup_checks.py:195] - Required files check passed
2026-01-27 16:56:42 - app.startup_checks - INFO - [startup_checks.py:320] - ✓ required_files: All required files and directories present
2026-01-27 16:56:42 - app.startup_checks - INFO - [startup_checks.py:121] - Database schema check passed
2026-01-27 16:56:42 - app.startup_checks - INFO - [startup_checks.py:320] - ✓ database_schema: All required tables present
2026-01-27 16:56:42 - app.startup_checks - INFO - [startup_checks.py:345] - Integrity checks complete: 3 passed, 0 warnings, 0 failed
2026-01-27 16:56:42 - __main__ - INFO - [main.py:132] - Startup Integrity Check Results:
========================================
✓ config_integrity: Configuration is valid
✓ required_files: All required files and directories present
✓ database_schema: All required tables present
========================================
2026-01-27 16:56:42 - __main__ - INFO - [main.py:161] - Preloading questions into memory...
2026-01-27 16:56:42 - app.questions - INFO - [questions.py:52] - Loaded 100 active questions into memory.
2026-01-27 16:57:34 - app.services.exam_service - INFO - [exam_service.py:180] - Exam session started for user: rohan
2026-01-27 16:57:35 - app.ml.clustering - INFO - [clustering.py:617] - Model loaded from B:\Open_Source\soul_sence_Exam\SOUL_SENSE_EXAM\app\ml\models\clustering\emotional_profile_model.pkl
2026-01-27 16:57:41 - root - ERROR - [profile.py:1344] - Error loading personal profile: 'UserProfileView' object has no attribute 'current_events'
2026-01-27 17:00:39 - app.ui.app_initializer - INFO - [app_initializer.py:204] - Database session removed during logout
2026-01-27 17:00:41 - app.shutdown_handler - INFO - [shutdown_handler.py:56] - Initiating graceful application shutdown...
2026-01-27 17:00:41 - app.shutdown_handler - INFO - [shutdown_handler.py:65] - Database session committed and removed successfully
2026-01-27 17:00:41 - app.shutdown_handler - INFO - [shutdown_handler.py:70] - Application shutdown complete
2026-01-27 17:00:41 - app.shutdown_handler - INFO - [shutdown_handler.py:56] - Initiating graceful application shutdown...
2026-01-27 17:00:41 - app.shutdown_handler - INFO - [shutdown_handler.py:65] - Database session committed and removed successfully
2026-01-27 17:00:41 - app.shutdown_handler - INFO - [shutdown_handler.py:70] - Application shutdown complete
2026-01-27 17:01:08 - root - INFO - [logger.py:85] - Logging initialized.
2026-01-27 17:01:08 - app.startup_checks - INFO - [startup_checks.py:302] - Running startup integrity checks...
2026-01-27 17:01:08 - app.startup_checks - INFO - [startup_checks.py:272] - Config integrity check passed
2026-01-27 17:01:08 - app.startup_checks - INFO - [startup_checks.py:320] - ✓ config_integrity: Configuration is valid
2026-01-27 17:01:08 - app.startup_checks - INFO - [startup_checks.py:195] - Required files check passed
2026-01-27 17:01:08 - app.startup_checks - INFO - [startup_checks.py:320] - ✓ required_files: All required files and directories present
2026-01-27 17:01:08 - app.startup_checks - INFO - [startup_checks.py:121] - Database schema check passed
2026-01-27 17:01:08 - app.startup_checks - INFO - [startup_checks.py:320] - ✓ database_schema: All required tables present
2026-01-27 17:01:08 - app.startup_checks - INFO - [startup_checks.py:345] - Integrity checks complete: 3 passed, 0 warnings, 0 failed
2026-01-27 17:01:08 - __main__ - INFO - [main.py:132] - Startup Integrity Check Results:
========================================
✓ config_integrity: Configuration is valid
✓ required_files: All required files and directories present
✓ database_schema: All required tables present
========================================
2026-01-27 17:01:08 - __main__ - INFO - [main.py:161] - Preloading questions into memory...
2026-01-27 17:01:08 - app.questions - INFO - [questions.py:52] - Loaded 100 active questions into memory.
2026-01-27 17:01:58 - app.services.exam_service - INFO - [exam_service.py:180] - Exam session started for user: rohan
2026-01-27 17:01:58 - app.ml.clustering - INFO - [clustering.py:617] - Model loaded from B:\Open_Source\soul_sence_Exam\SOUL_SENSE_EXAM\app\ml\models\clustering\emotional_profile_model.pkl
2026-01-27 17:02:03 - app.services.exam_service - INFO - [exam_service.py:180] - Exam session started for user: rohan
2026-01-27 17:02:13 - root - ERROR - [profile.py:1344] - Error loading personal profile: 'UserProfileView' object has no attribute 'current_events'
2026-01-27 17:02:17 - root - ERROR - [profile.py:1344] - Error loading personal profile: 'UserProfileView' object has no attribute 'current_events'
2026-01-27 17:02:34 - app.ui.app_initializer - INFO - [app_initializer.py:204] - Database session removed during logout
2026-01-27 17:02:56 - app.shutdown_handler - INFO - [shutdown_handler.py:56] - Initiating graceful application shutdown...
2026-01-27 17:02:56 - app.shutdown_handler - INFO - [shutdown_handler.py:65] - Database session committed and removed successfully
2026-01-27 17:02:56 - app.shutdown_handler - INFO - [shutdown_handler.py:70] - Application shutdown complete
2026-01-27 17:02:56 - app.shutdown_handler - INFO - [shutdown_handler.py:56] - Initiating graceful application shutdown...
2026-01-27 17:02:56 - app.shutdown_handler - INFO - [shutdown_handler.py:65] - Database session committed and removed successfully
2026-01-27 17:02:56 - app.shutdown_handler - INFO - [shutdown_handler.py:70] - Application shutdown complete
2026-01-27 17:05:17 - root - INFO - [logger.py:85] - Logging initialized.
2026-01-27 17:05:17 - app.startup_checks - INFO - [startup_checks.py:302] - Running startup integrity checks...
2026-01-27 17:05:17 - app.startup_checks - INFO - [startup_checks.py:272] - Config integrity check passed
2026-01-27 17:05:17 - app.startup_checks - INFO - [startup_checks.py:320] - ✓ config_integrity: Configuration is valid
2026-01-27 17:05:17 - app.startup_checks - INFO - [startup_checks.py:195] - Required files check passed
2026-01-27 17:05:17 - app.startup_checks - INFO - [startup_checks.py:320] - ✓ required_files: All required files and directories present
2026-01-27 17:05:17 - app.startup_checks - INFO - [startup_checks.py:121] - Database schema check passed
2026-01-27 17:05:17 - app.startup_checks - INFO - [startup_checks.py:320] - ✓ database_schema: All required tables present
2026-01-27 17:05:17 - app.startup_checks - INFO - [startup_checks.py:345] - Integrity checks complete: 3 passed, 0 warnings, 0 failed
2026-01-27 17:05:17 - __main__ - INFO - [main.py:132] - Startup Integrity Check Results:
========================================
✓ config_integrity: Configuration is valid
✓ required_files: All required files and directories present
✓ database_schema: All required tables present
========================================
2026-01-27 17:05:17 - __main__ - INFO - [main.py:161] - Preloading questions into memory...
2026-01-27 17:05:17 - app.questions - INFO - [questions.py:52] - Loaded 100 active questions into memory.
2026-01-27 17:05:32 - app.services.exam_service - INFO - [exam_service.py:180] - Exam session started for user: rohan
2026-01-27 17:05:33 - app.ml.clustering - INFO - [clustering.py:617] - Model loaded from B:\Open_Source\soul_sence_Exam\SOUL_SENSE_EXAM\app\ml\models\clustering\emotional_profile_model.pkl
2026-01-27 17:05:35 - app.ml.clustering - INFO - [clustering.py:617] - Model loaded from B:\Open_Source\soul_sence_Exam\SOUL_SENSE_EXAM\app\ml\models\clustering\emotional_profile_model.pkl
2026-01-27 17:05:45 - root - ERROR - [profile.py:1344] - Error loading personal profile: 'UserProfileView' object has no attribute 'current_events'
2026-01-27 17:06:03 - root - ERROR - [profile.py:1344] - Error loading personal profile: 'UserProfileView' object has no attribute 'current_events'
2026-01-27 17:06:13 - app.ui.app_initializer - INFO - [app_initializer.py:204] - Database session removed during logout
2026-01-27 17:06:36 - app.services.exam_service - INFO - [exam_service.py:180] - Exam session started for user: rohan
2026-01-27 17:06:38 - app.ml.clustering - INFO - [clustering.py:617] - Model loaded from B:\Open_Source\soul_sence_Exam\SOUL_SENSE_EXAM\app\ml\models\clustering\emotional_profile_model.pkl
2026-01-27 17:06:48 - root - ERROR - [profile.py:1344] - Error loading personal profile: 'UserProfileView' object has no attribute 'current_events'
2026-01-27 17:06:58 - app.ui.app_initializer - INFO - [app_initializer.py:204] - Database session removed during logout
2026-01-27 17:07:18 - app.shutdown_handler - INFO - [shutdown_handler.py:56] - Initiating graceful application shutdown...
2026-01-27 17:07:18 - app.shutdown_handler - INFO - [shutdown_handler.py:65] - Database session committed and removed successfully
2026-01-27 17:07:18 - app.shutdown_handler - INFO - [shutdown_handler.py:70] - Application shutdown complete
2026-01-27 17:07:18 - app.shutdown_handler - INFO - [shutdown_handler.py:56] - Initiating graceful application shutdown...
2026-01-27 17:07:18 - app.shutdown_handler - INFO - [shutdown_handler.py:65] - Database session committed and removed successfully
2026-01-27 17:07:18 - app.shutdown_handler - INFO - [shutdown_handler.py:70] - Application shutdown complete
2026-01-27 17:14:57 - root - INFO - [logger.py:85] - Logging initialized.
2026-01-27 17:14:57 - app.startup_checks - INFO - [startup_checks.py:302] - Running startup integrity checks...
2026-01-27 17:14:57 - app.startup_checks - INFO - [startup_checks.py:272] - Config integrity check passed
2026-01-27 17:14:57 - app.startup_checks - INFO - [startup_checks.py:320] - ✓ config_integrity: Configuration is valid
2026-01-27 17:14:57 - app.startup_checks - INFO - [startup_checks.py:195] - Required files check passed
2026-01-27 17:14:57 - app.startup_checks - INFO - [startup_checks.py:320] - ✓ required_files: All required files and directories present
2026-01-27 17:14:57 - app.startup_checks - INFO - [startup_checks.py:121] - Database schema check passed
2026-01-27 17:14:57 - app.startup_checks - INFO - [startup_checks.py:320] - ✓ database_schema: All required tables present
2026-01-27 17:14:57 - app.startup_checks - INFO - [startup_checks.py:345] - Integrity checks complete: 3 passed, 0 warnings, 0 failed
2026-01-27 17:14:57 - __main__ - INFO - [main.py:135] - Startup Integrity Check Results:
========================================
✓ config_integrity: Configuration is valid
✓ required_files: All required files and directories present
✓ database_schema: All required tables present
========================================
2026-01-27 17:14:57 - __main__ - INFO - [main.py:164] - Preloading questions into memory...
2026-01-27 17:14:57 - app.questions - INFO - [questions.py:52] - Loaded 100 active questions into memory.
2026-01-27 17:16:00 - app.services.exam_service - INFO - [exam_service.py:180] - Exam session started for user: rohan
2026-01-27 17:16:22 - app.services.exam_service - INFO - [exam_service.py:95] - Exam saved. Score: 27, User: rohan
2026-01-27 17:16:54 - app.ml.clustering - INFO - [clustering.py:617] - Model loaded from B:\Open_Source\soul_sence_Exam\SOUL_SENSE_EXAM\app\ml\models\clustering\emotional_profile_model.pkl
2026-01-27 17:17:00 - app.ml.clustering - INFO - [clustering.py:617] - Model loaded from B:\Open_Source\soul_sence_Exam\SOUL_SENSE_EXAM\app\ml\models\clustering\emotional_profile_model.pkl
2026-01-27 17:17:07 - root - ERROR - [profile.py:1347] - Error loading personal profile: 'UserProfileView' object has no attribute 'current_events'
2026-01-27 17:17:26 - root - ERROR - [profile.py:1347] - Error loading personal profile: 'UserProfileView' object has no attribute 'current_events'
2026-01-27 17:18:42 - root - ERROR - [profile.py:1347] - Error loading personal profile: 'UserProfileView' object has no attribute 'current_events'
2026-01-27 17:18:54 - app.shutdown_handler - INFO - [shutdown_handler.py:56] - Initiating graceful application shutdown...
2026-01-27 17:18:54 - app.shutdown_handler - INFO - [shutdown_handler.py:65] - Database session committed and removed successfully
2026-01-27 17:18:54 - app.shutdown_handler - INFO - [shutdown_handler.py:70] - Application shutdown complete
2026-01-27 17:18:54 - app.shutdown_handler - INFO - [shutdown_handler.py:56] - Initiating graceful application shutdown...
2026-01-27 17:18:54 - app.shutdown_handler - INFO - [shutdown_handler.py:65] - Database session committed and removed successfully
2026-01-27 17:18:54 - app.shutdown_handler - INFO - [shutdown_handler.py:70] - Application shutdown complete
2026-01-27 17:18:54 - app.shutdown_handler - INFO - [shutdown_handler.py:56] - Initiating graceful application shutdown...
2026-01-27 17:18:54 - app.shutdown_handler - INFO - [shutdown_handler.py:65] - Database session committed and removed successfully
2026-01-27 17:18:54 - app.shutdown_handler - INFO - [shutdown_handler.py:70] - Application shutdown complete
